2000.12.08 15:18 B C:\Documents and Settings\DAN1\MyDocs\My Webs\images\RoadHazardBomb.gif --> www.unabombers.com /www/images RoadHazardBomb.gif
2000.12.11 13:18 B C:\Documents and Settings\DAN1\MyDocs\My Webs\images\FC_PINGraphic.gif --> www.unabombers.com /www/Test/images FC_PINGraphic.gif
2000.12.11 19:15 B C:\Documents and Settings\DAN1\MyDocs\My Webs\images\01WGP.jpg --> www.unabombers.com /www/NewSite/images 01WGP.jpg
2000.12.11 19:16 B C:\Documents and Settings\DAN1\MyDocs\My Webs\images\02WGP.jpg --> www.unabombers.com /www/NewSite/images 02WGP.jpg
2000.12.11 19:17 B C:\Documents and Settings\DAN1\MyDocs\My Webs\images\03WGP.jpg --> www.unabombers.com /www/NewSite/images 03WGP.jpg
2000.12.11 19:18 B C:\Documents and Settings\DAN1\MyDocs\My Webs\images\04WGP.jpg --> www.unabombers.com /www/NewSite/images 04WGP.jpg
2000.12.11 19:19 B C:\Documents and Settings\DAN1\MyDocs\My Webs\images\05WGP.jpg --> www.unabombers.com /www/NewSite/images 05WGP.jpg
2000.12.11 19:22 B C:\Documents and Settings\DAN1\MyDocs\My Webs\images\06WGP.jpg --> www.unabombers.com /www/NewSite/images 06WGP.jpg
2000.12.11 19:23 B C:\Documents and Settings\DAN1\MyDocs\My Webs\images\07WGP.jpg --> www.unabombers.com /www/NewSite/images 07WGP.jpg
2000.12.11 19:24 B C:\Documents and Settings\DAN1\MyDocs\My Webs\images\08WGP.jpg --> www.unabombers.com /www/NewSite/images 08WGP.jpg
2000.12.11 19:25 B C:\Documents and Settings\DAN1\MyDocs\My Webs\images\09WGP.jpg --> www.unabombers.com /www/NewSite/images 09WGP.jpg
2000.12.11 19:26 B C:\Documents and Settings\DAN1\MyDocs\My Webs\images\10WGP.jpg --> www.unabombers.com /www/NewSite/images 10WGP.jpg
2000.12.11 19:28 B C:\Documents and Settings\DAN1\MyDocs\My Webs\images\11WGP.jpg --> www.unabombers.com /www/NewSite/images 11WGP.jpg
2000.12.11 19:30 B C:\Documents and Settings\DAN1\MyDocs\My Webs\images\12WGP.jpg --> www.unabombers.com /www/NewSite/images 12WGP.jpg
2000.12.11 19:31 B C:\Documents and Settings\DAN1\MyDocs\My Webs\images\13WGP.jpg --> www.unabombers.com /www/NewSite/images 13WGP.jpg
2000.12.11 19:32 B C:\Documents and Settings\DAN1\MyDocs\My Webs\images\Cissna.gif --> www.unabombers.com /www/NewSite/images Cissna.gif
2000.12.11 19:32 B C:\Documents and Settings\DAN1\MyDocs\My Webs\images\FC_PINGraphic.gif --> www.unabombers.com /www/NewSite/images FC_PINGraphic.gif
2000.12.11 19:33 B C:\Documents and Settings\DAN1\MyDocs\My Webs\images\Gates-1-27-97.gif --> www.unabombers.com /www/NewSite/images Gates-1-27-97.gif
2000.12.11 19:33 B C:\Documents and Settings\DAN1\MyDocs\My Webs\images\Gumshoe.gif --> www.unabombers.com /www/NewSite/images Gumshoe.gif
2000.12.11 19:41 B C:\Documents and Settings\DAN1\MyDocs\My Webs\images\Image1.jpg --> www.unabombers.com /www/NewSite/images Image1.jpg
2000.12.11 19:48 B C:\Documents and Settings\DAN1\MyDocs\My Webs\images\Image10.jpg --> www.unabombers.com /www/NewSite/images Image10.jpg
2000.12.11 19:58 B C:\Documents and Settings\DAN1\MyDocs\My Webs\images\Image11.jpg --> www.unabombers.com /www/NewSite/images Image11.jpg
2000.12.11 20:08 B C:\Documents and Settings\DAN1\MyDocs\My Webs\images\Image12.jpg --> www.unabombers.com /www/NewSite/images Image12.jpg
2000.12.11 20:21 B C:\Documents and Settings\DAN1\MyDocs\My Webs\images\Image13.jpg --> www.unabombers.com /www/NewSite/images Image13.jpg
2000.12.11 20:29 B C:\Documents and Settings\DAN1\MyDocs\My Webs\images\Image2.jpg --> www.unabombers.com /www/NewSite/images Image2.jpg
2000.12.11 20:38 B C:\Documents and Settings\DAN1\MyDocs\My Webs\images\Image3.jpg --> www.unabombers.com /www/NewSite/images Image3.jpg
2000.12.11 20:46 B C:\Documents and Settings\DAN1\MyDocs\My Webs\images\Image4.jpg --> www.unabombers.com /www/NewSite/images Image4.jpg
2000.12.11 20:52 B C:\Documents and Settings\DAN1\MyDocs\My Webs\images\Image5.jpg --> www.unabombers.com /www/NewSite/images Image5.jpg
2000.12.11 21:01 B C:\Documents and Settings\DAN1\MyDocs\My Webs\images\Image6.jpg --> www.unabombers.com /www/NewSite/images Image6.jpg
2000.12.11 21:08 B C:\Documents and Settings\DAN1\MyDocs\My Webs\images\Image7.jpg --> www.unabombers.com /www/NewSite/images Image7.jpg
2000.12.11 21:16 B C:\Documents and Settings\DAN1\MyDocs\My Webs\images\Image8.jpg --> www.unabombers.com /www/NewSite/images Image8.jpg
2000.12.11 21:23 B C:\Documents and Settings\DAN1\MyDocs\My Webs\images\Image9.jpg --> www.unabombers.com /www/NewSite/images Image9.jpg
2000.12.11 21:24 B C:\Documents and Settings\DAN1\MyDocs\My Webs\images\Index01.gif --> www.unabombers.com /www/NewSite/images Index01.gif
2000.12.11 21:24 B C:\Documents and Settings\DAN1\MyDocs\My Webs\images\Index02.gif --> www.unabombers.com /www/NewSite/images Index02.gif
2000.12.11 21:24 B C:\Documents and Settings\DAN1\MyDocs\My Webs\images\Index03.gif --> www.unabombers.com /www/NewSite/images Index03.gif
2000.12.11 21:24 B C:\Documents and Settings\DAN1\MyDocs\My Webs\images\Index04.gif --> www.unabombers.com /www/NewSite/images Index04.gif
2000.12.11 21:24 B C:\Documents and Settings\DAN1\MyDocs\My Webs\images\Index05.gif --> www.unabombers.com /www/NewSite/images Index05.gif
2000.12.11 21:24 B C:\Documents and Settings\DAN1\MyDocs\My Webs\images\Index06.gif --> www.unabombers.com /www/NewSite/images Index06.gif
2000.12.11 21:24 B C:\Documents and Settings\DAN1\MyDocs\My Webs\images\Index07.jpg --> www.unabombers.com /www/NewSite/images Index07.jpg
2000.12.11 21:25 B C:\Documents and Settings\DAN1\MyDocs\My Webs\images\Kreshnik-1-17-97-p2.gif --> www.unabombers.com /www/NewSite/images Kreshnik-1-17-97-p2.gif
2000.12.11 21:25 B C:\Documents and Settings\DAN1\MyDocs\My Webs\images\Kreshnik-1-17-97.gif --> www.unabombers.com /www/NewSite/images Kreshnik-1-17-97.gif
2000.12.11 21:25 B C:\Documents and Settings\DAN1\MyDocs\My Webs\images\Kreshnik-6-20-97.gif --> www.unabombers.com /www/NewSite/images Kreshnik-6-20-97.gif
2000.12.11 21:26 B C:\Documents and Settings\DAN1\MyDocs\My Webs\images\LargeFace.jpg --> www.unabombers.com /www/NewSite/images LargeFace.jpg
2000.12.11 21:26 B C:\Documents and Settings\DAN1\MyDocs\My Webs\images\LargeSketch.gif --> www.unabombers.com /www/NewSite/images LargeSketch.gif
2000.12.11 21:27 B C:\Documents and Settings\DAN1\MyDocs\My Webs\images\Nathan R note.gif --> www.unabombers.com /www/NewSite/images Nathan R note.gif
2000.12.11 21:27 B C:\Documents and Settings\DAN1\MyDocs\My Webs\images\PageBack.gif --> www.unabombers.com /www/NewSite/images PageBack.gif
2000.12.11 21:27 B C:\Documents and Settings\DAN1\MyDocs\My Webs\images\PageBackGround.jpg --> www.unabombers.com /www/NewSite/images PageBackGround.jpg
2000.12.11 21:27 B C:\Documents and Settings\DAN1\MyDocs\My Webs\images\paige1.gif --> www.unabombers.com /www/NewSite/images paige1.gif
2000.12.11 21:27 B C:\Documents and Settings\DAN1\MyDocs\My Webs\images\paige2.jpg --> www.unabombers.com /www/NewSite/images paige2.jpg
2000.12.11 21:28 B C:\Documents and Settings\DAN1\MyDocs\My Webs\images\paige3.jpg --> www.unabombers.com /www/NewSite/images paige3.jpg
2000.12.11 21:28 B C:\Documents and Settings\DAN1\MyDocs\My Webs\images\Patent 3,771,152.gif --> www.unabombers.com /www/NewSite/images Patent 3,771,152.gif
2000.12.11 21:28 B C:\Documents and Settings\DAN1\MyDocs\My Webs\images\Patent 3,979,052-2.gif --> www.unabombers.com /www/NewSite/images Patent 3,979,052-2.gif
2000.12.11 21:29 B C:\Documents and Settings\DAN1\MyDocs\My Webs\images\Patent 3,979,052.gif --> www.unabombers.com /www/NewSite/images Patent 3,979,052.gif
2000.12.11 21:29 B C:\Documents and Settings\DAN1\MyDocs\My Webs\images\Patent 4,021,267.gif --> www.unabombers.com /www/NewSite/images Patent 4,021,267.gif
2000.12.11 21:29 B C:\Documents and Settings\DAN1\MyDocs\My Webs\images\Patent 4,146,180.gif --> www.unabombers.com /www/NewSite/images Patent 4,146,180.gif
2000.12.11 21:30 B C:\Documents and Settings\DAN1\MyDocs\My Webs\images\PosterImage.gif --> www.unabombers.com /www/NewSite/images PosterImage.gif
2000.12.11 21:30 B C:\Documents and Settings\DAN1\MyDocs\My Webs\images\RoadHazardBomb.gif --> www.unabombers.com /www/NewSite/images RoadHazardBomb.gif
2000.12.11 21:30 B C:\Documents and Settings\DAN1\MyDocs\My Webs\images\TnCrimLaw.gif --> www.unabombers.com /www/NewSite/images TnCrimLaw.gif
