2000.11.19 09:20 B C:\Documents and Settings\DAN1\MyDocs\Unabombers.com\UB-Web\UB-NewsArticles\93-06-26-LAT-Scrutton-FC-1.htm --> www.unabombers.com /www/UB-Web/UB-NewsArticles 93-06-26-LAT-Scrutton-FC-1.htm
2000.12.11 17:57 B C:\Documents and Settings\DAN1\MyDocs\My Webs\NewsArticles\00-05-09-BS-LetterNotDisclosed-5.htm --> www.unabombers.com /www/NewSite/NewsArticles 00-05-09-BS-LetterNotDisclosed-5.htm
2000.12.11 17:57 B C:\Documents and Settings\DAN1\MyDocs\My Webs\NewsArticles\00-05-10-WP.htm --> www.unabombers.com /www/NewSite/NewsArticles 00-05-10-WP.htm
2000.12.11 17:57 B C:\Documents and Settings\DAN1\MyDocs\My Webs\NewsArticles\00-05-12-DN-JournalistQuits-1.htm --> www.unabombers.com /www/NewSite/NewsArticles 00-05-12-DN-JournalistQuits-1.htm
2000.12.11 17:57 B C:\Documents and Settings\DAN1\MyDocs\My Webs\NewsArticles\00-05-12-Tor-TKHighSchoolBomb-1.htm --> www.unabombers.com /www/NewSite/NewsArticles 00-05-12-Tor-TKHighSchoolBomb-1.htm
2000.12.11 17:57 B C:\Documents and Settings\DAN1\MyDocs\My Webs\NewsArticles\00-05-18-JP-ClarkNaziCase-4.htm --> www.unabombers.com /www/NewSite/NewsArticles 00-05-18-JP-ClarkNaziCase-4.htm
2000.12.11 17:58 B C:\Documents and Settings\DAN1\MyDocs\My Webs\NewsArticles\00-05-20-PD-Nada-5.htm --> www.unabombers.com /www/NewSite/NewsArticles 00-05-20-PD-Nada-5.htm
2000.12.11 17:58 B C:\Documents and Settings\DAN1\MyDocs\My Webs\NewsArticles\00-05-20-Tor-Nada-5.htm --> www.unabombers.com /www/NewSite/NewsArticles 00-05-20-Tor-Nada-5.htm
2000.12.11 17:58 B C:\Documents and Settings\DAN1\MyDocs\My Webs\NewsArticles\00-06-03-Mont-Zerzan-4.htm --> www.unabombers.com /www/NewSite/NewsArticles 00-06-03-Mont-Zerzan-4.htm
2000.12.11 17:58 B C:\Documents and Settings\DAN1\MyDocs\My Webs\NewsArticles\00-06-03-Otttawa-Zerzan-4.htm --> www.unabombers.com /www/NewSite/NewsArticles 00-06-03-Otttawa-Zerzan-4.htm
2000.12.11 17:58 B C:\Documents and Settings\DAN1\MyDocs\My Webs\NewsArticles\00-06-06-CS-ApealStrategy-3.htm --> www.unabombers.com /www/NewSite/NewsArticles 00-06-06-CS-ApealStrategy-3.htm
2000.12.11 17:59 B C:\Documents and Settings\DAN1\MyDocs\My Webs\NewsArticles\00-06-08-SFC-GarlandPromoted-3.htm --> www.unabombers.com /www/NewSite/NewsArticles 00-06-08-SFC-GarlandPromoted-3.htm
2000.12.11 17:59 B C:\Documents and Settings\DAN1\MyDocs\My Webs\NewsArticles\00-06-16-AJ-PropertySold-4.htm --> www.unabombers.com /www/NewSite/NewsArticles 00-06-16-AJ-PropertySold-4.htm
2000.12.11 17:59 B C:\Documents and Settings\DAN1\MyDocs\My Webs\NewsArticles\00-06-16-SFC-CabinPhoto-4.htm --> www.unabombers.com /www/NewSite/NewsArticles 00-06-16-SFC-CabinPhoto-4.htm
2000.12.11 17:59 B C:\Documents and Settings\DAN1\MyDocs\My Webs\NewsArticles\00-06-17-HC-PropertySold-4.htm --> www.unabombers.com /www/NewSite/NewsArticles 00-06-17-HC-PropertySold-4.htm
2000.12.11 17:59 B C:\Documents and Settings\DAN1\MyDocs\My Webs\NewsArticles\00-06-17-ST-PropertySold-5.htm --> www.unabombers.com /www/NewSite/NewsArticles 00-06-17-ST-PropertySold-5.htm
2000.12.11 18:00 B C:\Documents and Settings\DAN1\MyDocs\My Webs\NewsArticles\00-06-19-NYT-Gelernter-4.htm --> www.unabombers.com /www/NewSite/NewsArticles 00-06-19-NYT-Gelernter-4.htm
2000.12.11 18:00 B C:\Documents and Settings\DAN1\MyDocs\My Webs\NewsArticles\00-06-22-LOND-HarvardMC-1.htm --> www.unabombers.com /www/NewSite/NewsArticles 00-06-22-LOND-HarvardMC-1.htm
2000.12.11 18:00 B C:\Documents and Settings\DAN1\MyDocs\My Webs\NewsArticles\00-06-27-ST-PapersFiled-5.htm --> www.unabombers.com /www/NewSite/NewsArticles 00-06-27-ST-PapersFiled-5.htm
2000.12.11 18:00 B C:\Documents and Settings\DAN1\MyDocs\My Webs\NewsArticles\00-06-28-SR-HarvardMC-4.htm --> www.unabombers.com /www/NewSite/NewsArticles 00-06-28-SR-HarvardMC-4.htm
2000.12.11 18:00 B C:\Documents and Settings\DAN1\MyDocs\My Webs\NewsArticles\00-06-28-TP-Appeal-3.htm --> www.unabombers.com /www/NewSite/NewsArticles 00-06-28-TP-Appeal-3.htm
2000.12.11 18:01 B C:\Documents and Settings\DAN1\MyDocs\My Webs\NewsArticles\00-06-28-TP2-Appeal-3.htm --> www.unabombers.com /www/NewSite/NewsArticles 00-06-28-TP2-Appeal-3.htm
2000.12.11 18:01 B C:\Documents and Settings\DAN1\MyDocs\My Webs\NewsArticles\00-06-29-DP-Appeal-3.htm --> www.unabombers.com /www/NewSite/NewsArticles 00-06-29-DP-Appeal-3.htm
2000.12.11 18:01 B C:\Documents and Settings\DAN1\MyDocs\My Webs\NewsArticles\00-07-02-BN-BoylanBook-4.htm --> www.unabombers.com /www/NewSite/NewsArticles 00-07-02-BN-BoylanBook-4.htm
2000.12.11 18:01 B C:\Documents and Settings\DAN1\MyDocs\My Webs\NewsArticles\00-07-08-Lond-ItalianUnabomber-5.htm --> www.unabombers.com /www/NewSite/NewsArticles 00-07-08-Lond-ItalianUnabomber-5.htm
2000.12.11 18:01 B C:\Documents and Settings\DAN1\MyDocs\My Webs\NewsArticles\00-09-03-Lond-BritUnabomber-5.htm --> www.unabombers.com /www/NewSite/NewsArticles 00-09-03-Lond-BritUnabomber-5.htm
2000.12.11 18:02 B C:\Documents and Settings\DAN1\MyDocs\My Webs\NewsArticles\00-10-08-Lond-Rudolph-5.htm --> www.unabombers.com /www/NewSite/NewsArticles 00-10-08-Lond-Rudolph-5.htm
2000.12.11 18:02 B C:\Documents and Settings\DAN1\MyDocs\My Webs\NewsArticles\00-10-08-SDU-Boylan7Years-1.htm --> www.unabombers.com /www/NewSite/NewsArticles 00-10-08-SDU-Boylan7Years-1.htm
2000.12.11 18:02 B C:\Documents and Settings\DAN1\MyDocs\My Webs\NewsArticles\00-10-10-HC-Nada-5.htm --> www.unabombers.com /www/NewSite/NewsArticles 00-10-10-HC-Nada-5.htm
2000.12.11 18:03 B C:\Documents and Settings\DAN1\MyDocs\My Webs\NewsArticles\00-11-02-BS-NotebookInSpanish-3.htm --> www.unabombers.com /www/NewSite/NewsArticles 00-11-02-BS-NotebookInSpanish-3.htm
2000.12.11 18:03 B C:\Documents and Settings\DAN1\MyDocs\My Webs\NewsArticles\00-93-06-26-BG-BAdCopy-.htm --> www.unabombers.com /www/NewSite/NewsArticles 00-93-06-26-BG-BAdCopy-.htm
2000.12.11 18:03 B C:\Documents and Settings\DAN1\MyDocs\My Webs\NewsArticles\90-01-02--USA-Irrelevant.htm --> www.unabombers.com /www/NewSite/NewsArticles 90-01-02--USA-Irrelevant.htm
2000.12.11 18:03 B C:\Documents and Settings\DAN1\MyDocs\My Webs\NewsArticles\90-08-07-USA-SUSPICIOUSCOUNT-1.htm --> www.unabombers.com /www/NewSite/NewsArticles 90-08-07-USA-SUSPICIOUSCOUNT-1.htm
2000.12.11 18:03 B C:\Documents and Settings\DAN1\MyDocs\My Webs\NewsArticles\90-10-06-USA-3Dead-SUSPICOUSCOUNT-1.htm --> www.unabombers.com /www/NewSite/NewsArticles 90-10-06-USA-3Dead-SUSPICOUSCOUNT-1.htm
2000.12.11 18:04 B C:\Documents and Settings\DAN1\MyDocs\My Webs\NewsArticles\93-06-23-BG-Epstein-Gelerntner4.htm --> www.unabombers.com /www/NewSite/NewsArticles 93-06-23-BG-Epstein-Gelerntner4.htm
2000.12.11 18:04 B C:\Documents and Settings\DAN1\MyDocs\My Webs\NewsArticles\93-06-23-NYT-Epstein-Gelertner2.htm --> www.unabombers.com /www/NewSite/NewsArticles 93-06-23-NYT-Epstein-Gelertner2.htm
2000.12.11 18:04 B C:\Documents and Settings\DAN1\MyDocs\My Webs\NewsArticles\93-06-25-HC-Gelertner4.htm --> www.unabombers.com /www/NewSite/NewsArticles 93-06-25-HC-Gelertner4.htm
2000.12.11 18:04 B C:\Documents and Settings\DAN1\MyDocs\My Webs\NewsArticles\93-06-25-SFC-Gelernter-BrotherThreat-1.htm --> www.unabombers.com /www/NewSite/NewsArticles 93-06-25-SFC-Gelernter-BrotherThreat-1.htm
2000.12.11 18:04 B C:\Documents and Settings\DAN1\MyDocs\My Webs\NewsArticles\93-06-25-ST-Gelernter-BrotherThreat-1.htm --> www.unabombers.com /www/NewSite/NewsArticles 93-06-25-ST-Gelernter-BrotherThreat-1.htm
2000.12.11 18:04 B C:\Documents and Settings\DAN1\MyDocs\My Webs\NewsArticles\93-06-25-USA-Warning-4.htm --> www.unabombers.com /www/NewSite/NewsArticles 93-06-25-USA-Warning-4.htm
2000.12.11 18:05 B C:\Documents and Settings\DAN1\MyDocs\My Webs\NewsArticles\93-06-25-WP-Gelernter-Relatives-3.htm --> www.unabombers.com /www/NewSite/NewsArticles 93-06-25-WP-Gelernter-Relatives-3.htm
2000.12.11 18:05 B C:\Documents and Settings\DAN1\MyDocs\My Webs\NewsArticles\93-06-26-LAT-Scrutton-FC-1.htm --> www.unabombers.com /www/NewSite/NewsArticles 93-06-26-LAT-Scrutton-FC-1.htm
2000.12.11 18:05 B C:\Documents and Settings\DAN1\MyDocs\My Webs\NewsArticles\93-06-26-SDU-Panic-5.htm --> www.unabombers.com /www/NewSite/NewsArticles 93-06-26-SDU-Panic-5.htm
2000.12.11 18:05 B C:\Documents and Settings\DAN1\MyDocs\My Webs\NewsArticles\93-06-26-WP-MiscTheorys-CrasyStereotype-3.htm --> www.unabombers.com /www/NewSite/NewsArticles 93-06-26-WP-MiscTheorys-CrasyStereotype-3.htm
2000.12.11 18:05 B C:\Documents and Settings\DAN1\MyDocs\My Webs\NewsArticles\93-06-27-BG-Misc-5.htm --> www.unabombers.com /www/NewSite/NewsArticles 93-06-27-BG-Misc-5.htm
2000.12.11 18:05 B C:\Documents and Settings\DAN1\MyDocs\My Webs\NewsArticles\93-06-27-BG2-Misc-5.htm --> www.unabombers.com /www/NewSite/NewsArticles 93-06-27-BG2-Misc-5.htm
2000.12.11 18:06 B C:\Documents and Settings\DAN1\MyDocs\My Webs\NewsArticles\93-06-27-ST-MiscTheorys-CrasyStereotype-3.htm --> www.unabombers.com /www/NewSite/NewsArticles 93-06-27-ST-MiscTheorys-CrasyStereotype-3.htm
2000.12.11 18:06 B C:\Documents and Settings\DAN1\MyDocs\My Webs\NewsArticles\93-06-29-PG-Warnings-3.htm --> www.unabombers.com /www/NewSite/NewsArticles 93-06-29-PG-Warnings-3.htm
2000.12.11 18:06 B C:\Documents and Settings\DAN1\MyDocs\My Webs\NewsArticles\93-06-30-MONTREALBombDetails-1.htm --> www.unabombers.com /www/NewSite/NewsArticles 93-06-30-MONTREALBombDetails-1.htm
2000.12.11 18:06 B C:\Documents and Settings\DAN1\MyDocs\My Webs\NewsArticles\93-07-12-NYT-Details-FC-2.htm --> www.unabombers.com /www/NewSite/NewsArticles 93-07-12-NYT-Details-FC-2.htm
2000.12.11 18:06 B C:\Documents and Settings\DAN1\MyDocs\My Webs\NewsArticles\93-07-12-NYT2-RickyTims-1.htm --> www.unabombers.com /www/NewSite/NewsArticles 93-07-12-NYT2-RickyTims-1.htm
2000.12.11 18:06 B C:\Documents and Settings\DAN1\MyDocs\My Webs\NewsArticles\93-08-12-WP-Gelernter-4.htm --> www.unabombers.com /www/NewSite/NewsArticles 93-08-12-WP-Gelernter-4.htm
2000.12.11 18:07 B C:\Documents and Settings\DAN1\MyDocs\My Webs\NewsArticles\93-08-22-NYT-generalcrime-5.htm --> www.unabombers.com /www/NewSite/NewsArticles 93-08-22-NYT-generalcrime-5.htm
2000.12.11 18:07 B C:\Documents and Settings\DAN1\MyDocs\My Webs\NewsArticles\93-09-27-SDU-MiscPanic-4.htm --> www.unabombers.com /www/NewSite/NewsArticles 93-09-27-SDU-MiscPanic-4.htm
2000.12.11 18:07 B C:\Documents and Settings\DAN1\MyDocs\My Webs\NewsArticles\93-10-07-HC-NathanR-Reward-Announced-2.htm --> www.unabombers.com /www/NewSite/NewsArticles 93-10-07-HC-NathanR-Reward-Announced-2.htm
2000.12.11 18:07 B C:\Documents and Settings\DAN1\MyDocs\My Webs\NewsArticles\93-10-07-LAT-NathanR-Reward Announced-1.htm --> www.unabombers.com /www/NewSite/NewsArticles 93-10-07-LAT-NathanR-Reward Announced-1.htm
2000.12.11 18:07 B C:\Documents and Settings\DAN1\MyDocs\My Webs\NewsArticles\93-10-07-NYT-NathanR-Reward-4.htm --> www.unabombers.com /www/NewSite/NewsArticles 93-10-07-NYT-NathanR-Reward-4.htm
2000.12.11 18:08 B C:\Documents and Settings\DAN1\MyDocs\My Webs\NewsArticles\93-10-07-PG-NathanR-Reward-Nuts.htm --> www.unabombers.com /www/NewSite/NewsArticles 93-10-07-PG-NathanR-Reward-Nuts.htm
2000.12.11 18:08 B C:\Documents and Settings\DAN1\MyDocs\My Webs\NewsArticles\93-10-07-PI-NathanR-5.htm --> www.unabombers.com /www/NewSite/NewsArticles 93-10-07-PI-NathanR-5.htm
2000.12.11 18:08 B C:\Documents and Settings\DAN1\MyDocs\My Webs\NewsArticles\93-10-07-SPT-NathanR-Reward-5.htm --> www.unabombers.com /www/NewSite/NewsArticles 93-10-07-SPT-NathanR-Reward-5.htm
2000.12.11 18:08 B C:\Documents and Settings\DAN1\MyDocs\My Webs\NewsArticles\93-10-07-ST-NathanR-5.htm --> www.unabombers.com /www/NewSite/NewsArticles 93-10-07-ST-NathanR-5.htm
2000.12.11 18:08 B C:\Documents and Settings\DAN1\MyDocs\My Webs\NewsArticles\93-10-07-USA-NathanR-Reward-5.htm --> www.unabombers.com /www/NewSite/NewsArticles 93-10-07-USA-NathanR-Reward-5.htm
2000.12.11 18:08 B C:\Documents and Settings\DAN1\MyDocs\My Webs\NewsArticles\93-10-07-USA2-NathanR-Reward-5.htm --> www.unabombers.com /www/NewSite/NewsArticles 93-10-07-USA2-NathanR-Reward-5.htm
2000.12.11 18:09 B C:\Documents and Settings\DAN1\MyDocs\My Webs\NewsArticles\93-10-07-WP-NathanR-Reward-5.htm --> www.unabombers.com /www/NewSite/NewsArticles 93-10-07-WP-NathanR-Reward-5.htm
2000.12.11 18:09 B C:\Documents and Settings\DAN1\MyDocs\My Webs\NewsArticles\93-10-17-NYT-Reward-1.htm --> www.unabombers.com /www/NewSite/NewsArticles 93-10-17-NYT-Reward-1.htm
2000.12.11 18:09 B C:\Documents and Settings\DAN1\MyDocs\My Webs\NewsArticles\93-11-27-WP-RewardVolume-1.htm --> www.unabombers.com /www/NewSite/NewsArticles 93-11-27-WP-RewardVolume-1.htm
2000.12.11 18:09 B C:\Documents and Settings\DAN1\MyDocs\My Webs\NewsArticles\93-12-21-PD-Rosenberg-4.htm --> www.unabombers.com /www/NewSite/NewsArticles 93-12-21-PD-Rosenberg-4.htm
2000.12.11 18:10 B C:\Documents and Settings\DAN1\MyDocs\My Webs\NewsArticles\93-12-22-BG-Rosenberg-2.htm --> www.unabombers.com /www/NewSite/NewsArticles 93-12-22-BG-Rosenberg-2.htm
2000.12.11 18:10 B C:\Documents and Settings\DAN1\MyDocs\My Webs\NewsArticles\93-12-31-SFC-Internet-5.htm --> www.unabombers.com /www/NewSite/NewsArticles 93-12-31-SFC-Internet-5.htm
2000.12.11 18:10 B C:\Documents and Settings\DAN1\MyDocs\My Webs\NewsArticles\94-08-12-WP-Gelernter-5.htm --> www.unabombers.com /www/NewSite/NewsArticles 94-08-12-WP-Gelernter-5.htm
2000.12.11 18:11 B C:\Documents and Settings\DAN1\MyDocs\My Webs\NewsArticles\94-12-12-AJ-Mosser-5.htm --> www.unabombers.com /www/NewSite/NewsArticles 94-12-12-AJ-Mosser-5.htm
2000.12.11 18:11 B C:\Documents and Settings\DAN1\MyDocs\My Webs\NewsArticles\94-12-12-CJ-Mosser-5.htm --> www.unabombers.com /www/NewSite/NewsArticles 94-12-12-CJ-Mosser-5.htm
2000.12.11 18:11 B C:\Documents and Settings\DAN1\MyDocs\My Webs\NewsArticles\94-12-12-HC-Mosser-4.htm --> www.unabombers.com /www/NewSite/NewsArticles 94-12-12-HC-Mosser-4.htm
2000.12.11 18:11 B C:\Documents and Settings\DAN1\MyDocs\My Webs\NewsArticles\94-12-12-LAT-Mosser-4.htm --> www.unabombers.com /www/NewSite/NewsArticles 94-12-12-LAT-Mosser-4.htm
2000.12.11 18:11 B C:\Documents and Settings\DAN1\MyDocs\My Webs\NewsArticles\94-12-12-NYT-Mosser-4.htm --> www.unabombers.com /www/NewSite/NewsArticles 94-12-12-NYT-Mosser-4.htm
2000.12.11 18:11 B C:\Documents and Settings\DAN1\MyDocs\My Webs\NewsArticles\94-12-12-PD-Mosser-5.htm --> www.unabombers.com /www/NewSite/NewsArticles 94-12-12-PD-Mosser-5.htm
2000.12.11 18:12 B C:\Documents and Settings\DAN1\MyDocs\My Webs\NewsArticles\94-12-12-SFC-Mosser-4.htm --> www.unabombers.com /www/NewSite/NewsArticles 94-12-12-SFC-Mosser-4.htm
2000.12.11 18:12 B C:\Documents and Settings\DAN1\MyDocs\My Webs\NewsArticles\94-12-12-ST-Mosser-5.htm --> www.unabombers.com /www/NewSite/NewsArticles 94-12-12-ST-Mosser-5.htm
2000.12.11 18:12 B C:\Documents and Settings\DAN1\MyDocs\My Webs\NewsArticles\94-12-12-ST3-Mosser-5.htm --> www.unabombers.com /www/NewSite/NewsArticles 94-12-12-ST3-Mosser-5.htm
2000.12.11 18:12 B C:\Documents and Settings\DAN1\MyDocs\My Webs\NewsArticles\94-12-12-TPC-Mosser-5.htm --> www.unabombers.com /www/NewSite/NewsArticles 94-12-12-TPC-Mosser-5.htm
2000.12.11 18:12 B C:\Documents and Settings\DAN1\MyDocs\My Webs\NewsArticles\94-12-12-USA-Mosser-3.htm --> www.unabombers.com /www/NewSite/NewsArticles 94-12-12-USA-Mosser-3.htm
2000.12.11 18:12 B C:\Documents and Settings\DAN1\MyDocs\My Webs\NewsArticles\94-12-12-USA-Mosser-5.htm --> www.unabombers.com /www/NewSite/NewsArticles 94-12-12-USA-Mosser-5.htm
2000.12.11 18:13 B C:\Documents and Settings\DAN1\MyDocs\My Webs\NewsArticles\94-12-12-WP-Mosser-3.htm --> www.unabombers.com /www/NewSite/NewsArticles 94-12-12-WP-Mosser-3.htm
2000.12.11 18:13 B C:\Documents and Settings\DAN1\MyDocs\My Webs\NewsArticles\94-12-13-AC-Mosser-5.htm --> www.unabombers.com /www/NewSite/NewsArticles 94-12-13-AC-Mosser-5.htm
2000.12.11 18:13 B C:\Documents and Settings\DAN1\MyDocs\My Webs\NewsArticles\94-12-13-AJ-Patterns-2.htm --> www.unabombers.com /www/NewSite/NewsArticles 94-12-13-AJ-Patterns-2.htm
2000.12.11 18:13 B C:\Documents and Settings\DAN1\MyDocs\My Webs\NewsArticles\94-12-13-AR-Mosser-4.htm --> www.unabombers.com /www/NewSite/NewsArticles 94-12-13-AR-Mosser-4.htm
2000.12.11 18:14 B C:\Documents and Settings\DAN1\MyDocs\My Webs\NewsArticles\94-12-13-BS-NathanR-1.htm --> www.unabombers.com /www/NewSite/NewsArticles 94-12-13-BS-NathanR-1.htm
2000.12.11 18:14 B C:\Documents and Settings\DAN1\MyDocs\My Webs\NewsArticles\94-12-13-GLAS-Misc-5.htm --> www.unabombers.com /www/NewSite/NewsArticles 94-12-13-GLAS-Misc-5.htm
2000.12.11 18:14 B C:\Documents and Settings\DAN1\MyDocs\My Webs\NewsArticles\94-12-13-GN-PublicPrep-1.htm --> www.unabombers.com /www/NewSite/NewsArticles 94-12-13-GN-PublicPrep-1.htm
2000.12.11 18:14 B C:\Documents and Settings\DAN1\MyDocs\My Webs\NewsArticles\94-12-13-IND-Mosser-FC-4.htm --> www.unabombers.com /www/NewSite/NewsArticles 94-12-13-IND-Mosser-FC-4.htm
2000.12.11 18:14 B C:\Documents and Settings\DAN1\MyDocs\My Webs\NewsArticles\94-12-13-IRISH-NewsProfileLink-3.htm --> www.unabombers.com /www/NewSite/NewsArticles 94-12-13-IRISH-NewsProfileLink-3.htm
2000.12.11 18:14 B C:\Documents and Settings\DAN1\MyDocs\My Webs\NewsArticles\94-12-13-LAT-Misc-4.htm --> www.unabombers.com /www/NewSite/NewsArticles 94-12-13-LAT-Misc-4.htm
2000.12.11 18:15 B C:\Documents and Settings\DAN1\MyDocs\My Webs\NewsArticles\94-12-13-MG-Panic-4.htm --> www.unabombers.com /www/NewSite/NewsArticles 94-12-13-MG-Panic-4.htm
2000.12.11 18:15 B C:\Documents and Settings\DAN1\MyDocs\My Webs\NewsArticles\94-12-13-MH-Mosser-5.htm --> www.unabombers.com /www/NewSite/NewsArticles 94-12-13-MH-Mosser-5.htm
2000.12.11 18:15 B C:\Documents and Settings\DAN1\MyDocs\My Webs\NewsArticles\94-12-13-NYT-Mosser-3.htm --> www.unabombers.com /www/NewSite/NewsArticles 94-12-13-NYT-Mosser-3.htm
2000.12.11 18:15 B C:\Documents and Settings\DAN1\MyDocs\My Webs\NewsArticles\94-12-13-NYT-NathanRonLetter-2.htm --> www.unabombers.com /www/NewSite/NewsArticles 94-12-13-NYT-NathanRonLetter-2.htm
2000.12.11 18:15 B C:\Documents and Settings\DAN1\MyDocs\My Webs\NewsArticles\94-12-13-PD-Mosser-4.htm --> www.unabombers.com /www/NewSite/NewsArticles 94-12-13-PD-Mosser-4.htm
2000.12.11 18:15 B C:\Documents and Settings\DAN1\MyDocs\My Webs\NewsArticles\94-12-13-SDU-CaliforniaBased-4.htm --> www.unabombers.com /www/NewSite/NewsArticles 94-12-13-SDU-CaliforniaBased-4.htm
2000.12.11 18:16 B C:\Documents and Settings\DAN1\MyDocs\My Webs\NewsArticles\94-12-13-SFC-Mosser-4.htm --> www.unabombers.com /www/NewSite/NewsArticles 94-12-13-SFC-Mosser-4.htm
2000.12.11 18:16 B C:\Documents and Settings\DAN1\MyDocs\My Webs\NewsArticles\94-12-13-ST-Alerts-3.htm --> www.unabombers.com /www/NewSite/NewsArticles 94-12-13-ST-Alerts-3.htm
2000.12.11 18:16 B C:\Documents and Settings\DAN1\MyDocs\My Webs\NewsArticles\94-12-13-TNL-Mosser-3.htm --> www.unabombers.com /www/NewSite/NewsArticles 94-12-13-TNL-Mosser-3.htm
2000.12.11 18:16 B C:\Documents and Settings\DAN1\MyDocs\My Webs\NewsArticles\94-12-13-TOR-Mosser-4.htm --> www.unabombers.com /www/NewSite/NewsArticles 94-12-13-TOR-Mosser-4.htm
2000.12.11 18:16 B C:\Documents and Settings\DAN1\MyDocs\My Webs\NewsArticles\94-12-13-USA-AttackInPairs-3.htm --> www.unabombers.com /www/NewSite/NewsArticles 94-12-13-USA-AttackInPairs-3.htm
2000.12.11 18:17 B C:\Documents and Settings\DAN1\MyDocs\My Webs\NewsArticles\94-12-13-USA-Mosser-5.htm --> www.unabombers.com /www/NewSite/NewsArticles 94-12-13-USA-Mosser-5.htm
2000.12.11 18:17 B C:\Documents and Settings\DAN1\MyDocs\My Webs\NewsArticles\94-12-13-USA-Profile-3.htm --> www.unabombers.com /www/NewSite/NewsArticles 94-12-13-USA-Profile-3.htm
2000.12.11 18:17 B C:\Documents and Settings\DAN1\MyDocs\My Webs\NewsArticles\94-12-13-WP-Design-FC-2.htm --> www.unabombers.com /www/NewSite/NewsArticles 94-12-13-WP-Design-FC-2.htm
2000.12.11 18:17 B C:\Documents and Settings\DAN1\MyDocs\My Webs\NewsArticles\94-12-14-BH-MosserCall-3.htm --> www.unabombers.com /www/NewSite/NewsArticles 94-12-14-BH-MosserCall-3.htm
2000.12.11 18:18 B C:\Documents and Settings\DAN1\MyDocs\My Webs\NewsArticles\94-12-14-DT-Luddite-1.htm --> www.unabombers.com /www/NewSite/NewsArticles 94-12-14-DT-Luddite-1.htm
2000.12.11 18:18 B C:\Documents and Settings\DAN1\MyDocs\My Webs\NewsArticles\94-12-14-NYT-Moody-2.htm --> www.unabombers.com /www/NewSite/NewsArticles 94-12-14-NYT-Moody-2.htm
2000.12.11 18:18 B C:\Documents and Settings\DAN1\MyDocs\My Webs\NewsArticles\94-12-14-PD-Misc-4.htm --> www.unabombers.com /www/NewSite/NewsArticles 94-12-14-PD-Misc-4.htm
2000.12.11 18:18 B C:\Documents and Settings\DAN1\MyDocs\My Webs\NewsArticles\94-12-14-SFC-WuItWorks-3.htm --> www.unabombers.com /www/NewSite/NewsArticles 94-12-14-SFC-WuItWorks-3.htm
2000.12.11 18:18 B C:\Documents and Settings\DAN1\MyDocs\My Webs\NewsArticles\94-12-14-ST-Internet-4.htm --> www.unabombers.com /www/NewSite/NewsArticles 94-12-14-ST-Internet-4.htm
2000.12.11 18:19 B C:\Documents and Settings\DAN1\MyDocs\My Webs\NewsArticles\94-12-14-USA-Bell-Angelakos-3.htm --> www.unabombers.com /www/NewSite/NewsArticles 94-12-14-USA-Bell-Angelakos-3.htm
2000.12.11 18:19 B C:\Documents and Settings\DAN1\MyDocs\My Webs\NewsArticles\94-12-15-BS-Editorial-5.htm --> www.unabombers.com /www/NewSite/NewsArticles 94-12-15-BS-Editorial-5.htm
2000.12.11 18:19 B C:\Documents and Settings\DAN1\MyDocs\My Webs\NewsArticles\94-12-15-GC-Wickel-4.htm --> www.unabombers.com /www/NewSite/NewsArticles 94-12-15-GC-Wickel-4.htm
2000.12.11 18:19 B C:\Documents and Settings\DAN1\MyDocs\My Webs\NewsArticles\94-12-15-NYT-Wickel-2.htm --> www.unabombers.com /www/NewSite/NewsArticles 94-12-15-NYT-Wickel-2.htm
2000.12.11 18:19 B C:\Documents and Settings\DAN1\MyDocs\My Webs\NewsArticles\94-12-15-PD-Psychobably-4.htm --> www.unabombers.com /www/NewSite/NewsArticles 94-12-15-PD-Psychobably-4.htm
2000.12.11 18:19 B C:\Documents and Settings\DAN1\MyDocs\My Webs\NewsArticles\94-12-15-SFC-NathanR-3.htm --> www.unabombers.com /www/NewSite/NewsArticles 94-12-15-SFC-NathanR-3.htm
2000.12.11 18:20 B C:\Documents and Settings\DAN1\MyDocs\My Webs\NewsArticles\94-12-15-TP-Moody-3.htm --> www.unabombers.com /www/NewSite/NewsArticles 94-12-15-TP-Moody-3.htm
2000.12.11 18:20 B C:\Documents and Settings\DAN1\MyDocs\My Webs\NewsArticles\94-12-16-BH-CopyCat-5.htm --> www.unabombers.com /www/NewSite/NewsArticles 94-12-16-BH-CopyCat-5.htm
2000.12.11 18:20 B C:\Documents and Settings\DAN1\MyDocs\My Webs\NewsArticles\94-12-16-BS-VanPac-5.htm --> www.unabombers.com /www/NewSite/NewsArticles 94-12-16-BS-VanPac-5.htm
2000.12.11 18:20 B C:\Documents and Settings\DAN1\MyDocs\My Webs\NewsArticles\94-12-16-OC-CluesReleased-5.htm --> www.unabombers.com /www/NewSite/NewsArticles 94-12-16-OC-CluesReleased-5.htm
2000.12.11 18:20 B C:\Documents and Settings\DAN1\MyDocs\My Webs\NewsArticles\94-12-16-OC2-DualAttacks-5.htm --> www.unabombers.com /www/NewSite/NewsArticles 94-12-16-OC2-DualAttacks-5.htm
2000.12.11 18:21 B C:\Documents and Settings\DAN1\MyDocs\My Webs\NewsArticles\94-12-16-SDU-Profiling-5.htm --> www.unabombers.com /www/NewSite/NewsArticles 94-12-16-SDU-Profiling-5.htm
2000.12.11 18:21 B C:\Documents and Settings\DAN1\MyDocs\My Webs\NewsArticles\94-12-16-WP-WickelReleased-4.htm --> www.unabombers.com /www/NewSite/NewsArticles 94-12-16-WP-WickelReleased-4.htm
2000.12.11 18:21 B C:\Documents and Settings\DAN1\MyDocs\My Webs\NewsArticles\94-12-17-WH-Editorial-5.htm --> www.unabombers.com /www/NewSite/NewsArticles 94-12-17-WH-Editorial-5.htm
2000.12.11 18:21 B C:\Documents and Settings\DAN1\MyDocs\My Webs\NewsArticles\94-12-18-BG-Mosser-5.htm --> www.unabombers.com /www/NewSite/NewsArticles 94-12-18-BG-Mosser-5.htm
2000.12.11 18:22 B C:\Documents and Settings\DAN1\MyDocs\My Webs\NewsArticles\94-12-18-NYT-NoLeads-5.htm --> www.unabombers.com /www/NewSite/NewsArticles 94-12-18-NYT-NoLeads-5.htm
2000.12.11 18:22 B C:\Documents and Settings\DAN1\MyDocs\My Webs\NewsArticles\94-12-18-NYT-PreConditioning-2.htm --> www.unabombers.com /www/NewSite/NewsArticles 94-12-18-NYT-PreConditioning-2.htm
2000.12.11 18:22 B C:\Documents and Settings\DAN1\MyDocs\My Webs\NewsArticles\94-12-18-NYTL-NathanTestingSeanAngelak-1.htm --> www.unabombers.com /www/NewSite/NewsArticles 94-12-18-NYTL-NathanTestingSeanAngelak-1.htm
2000.12.11 18:22 B C:\Documents and Settings\DAN1\MyDocs\My Webs\NewsArticles\94-12-18-SDU-Misc-5.htm --> www.unabombers.com /www/NewSite/NewsArticles 94-12-18-SDU-Misc-5.htm
2000.12.11 18:22 B C:\Documents and Settings\DAN1\MyDocs\My Webs\NewsArticles\94-12-18-ST-Misc-5.htm --> www.unabombers.com /www/NewSite/NewsArticles 94-12-18-ST-Misc-5.htm
2000.12.11 18:22 B C:\Documents and Settings\DAN1\MyDocs\My Webs\NewsArticles\94-12-18-ST-Panic-4.htm --> www.unabombers.com /www/NewSite/NewsArticles 94-12-18-ST-Panic-4.htm
2000.12.11 18:23 B C:\Documents and Settings\DAN1\MyDocs\My Webs\NewsArticles\94-12-19-GZ-NowhereSafe-3.htm --> www.unabombers.com /www/NewSite/NewsArticles 94-12-19-GZ-NowhereSafe-3.htm
2000.12.11 18:23 B C:\Documents and Settings\DAN1\MyDocs\My Webs\NewsArticles\94-12-22-DT-Subway-5.htm --> www.unabombers.com /www/NewSite/NewsArticles 94-12-22-DT-Subway-5.htm
2000.12.11 18:23 B C:\Documents and Settings\DAN1\MyDocs\My Webs\NewsArticles\94-12-22-IP-LudditeNathan-2.htm --> www.unabombers.com /www/NewSite/NewsArticles 94-12-22-IP-LudditeNathan-2.htm
2000.12.11 18:23 B C:\Documents and Settings\DAN1\MyDocs\My Webs\NewsArticles\94-12-22-USA-Subway Bombing-1.htm --> www.unabombers.com /www/NewSite/NewsArticles 94-12-22-USA-Subway Bombing-1.htm
2000.12.11 18:23 B C:\Documents and Settings\DAN1\MyDocs\My Webs\NewsArticles\94-12-24-NYT-Panic-5.htm --> www.unabombers.com /www/NewSite/NewsArticles 94-12-24-NYT-Panic-5.htm
2000.12.11 18:23 B C:\Documents and Settings\DAN1\MyDocs\My Webs\NewsArticles\94-12-25-NYT-Panic-5.htm --> www.unabombers.com /www/NewSite/NewsArticles 94-12-25-NYT-Panic-5.htm
2000.12.11 18:24 B C:\Documents and Settings\DAN1\MyDocs\My Webs\NewsArticles\95-04-25-DN-BombList-3.htm --> www.unabombers.com /www/NewSite/NewsArticles 95-04-25-DN-BombList-3.htm
2000.12.11 18:24 B C:\Documents and Settings\DAN1\MyDocs\My Webs\NewsArticles\95-04-25-HC-Murray-4.htm --> www.unabombers.com /www/NewSite/NewsArticles 95-04-25-HC-Murray-4.htm
2000.12.11 18:24 B C:\Documents and Settings\DAN1\MyDocs\My Webs\NewsArticles\95-04-25-LAT-Murray-3.htm --> www.unabombers.com /www/NewSite/NewsArticles 95-04-25-LAT-Murray-3.htm
2000.12.11 18:24 B C:\Documents and Settings\DAN1\MyDocs\My Webs\NewsArticles\95-04-25-Mont-Murray-5.htm --> www.unabombers.com /www/NewSite/NewsArticles 95-04-25-Mont-Murray-5.htm
2000.12.11 18:24 B C:\Documents and Settings\DAN1\MyDocs\My Webs\NewsArticles\95-04-25-SDU-Murray-3.htm --> www.unabombers.com /www/NewSite/NewsArticles 95-04-25-SDU-Murray-3.htm
2000.12.11 18:25 B C:\Documents and Settings\DAN1\MyDocs\My Webs\NewsArticles\95-04-25-SFC-Mosser-4.htm --> www.unabombers.com /www/NewSite/NewsArticles 95-04-25-SFC-Mosser-4.htm
2000.12.11 18:25 B C:\Documents and Settings\DAN1\MyDocs\My Webs\NewsArticles\95-04-25-SFC-MurrayEarthFirst-3.htm --> www.unabombers.com /www/NewSite/NewsArticles 95-04-25-SFC-MurrayEarthFirst-3.htm
2000.12.11 18:25 B C:\Documents and Settings\DAN1\MyDocs\My Webs\NewsArticles\95-04-25-ST-Mosser-4.htm --> www.unabombers.com /www/NewSite/NewsArticles 95-04-25-ST-Mosser-4.htm
2000.12.11 18:25 B C:\Documents and Settings\DAN1\MyDocs\My Webs\NewsArticles\95-04-25-Toronto-Mosser-4.htm --> www.unabombers.com /www/NewSite/NewsArticles 95-04-25-Toronto-Mosser-4.htm
2000.12.11 18:25 B C:\Documents and Settings\DAN1\MyDocs\My Webs\NewsArticles\95-04-25-USA-Mosser-5.htm --> www.unabombers.com /www/NewSite/NewsArticles 95-04-25-USA-Mosser-5.htm
2000.12.11 18:26 B C:\Documents and Settings\DAN1\MyDocs\My Webs\NewsArticles\95-04-25-WSJ-Mosser-5.htm --> www.unabombers.com /www/NewSite/NewsArticles 95-04-25-WSJ-Mosser-5.htm
2000.12.11 18:26 B C:\Documents and Settings\DAN1\MyDocs\My Webs\NewsArticles\95-04-26-CST-Mosser-5.htm --> www.unabombers.com /www/NewSite/NewsArticles 95-04-26-CST-Mosser-5.htm
2000.12.11 18:26 B C:\Documents and Settings\DAN1\MyDocs\My Webs\NewsArticles\95-04-26-LAT-Misc-5.htm --> www.unabombers.com /www/NewSite/NewsArticles 95-04-26-LAT-Misc-5.htm
2000.12.11 18:26 B C:\Documents and Settings\DAN1\MyDocs\My Webs\NewsArticles\95-04-26-London-Murray-5.htm --> www.unabombers.com /www/NewSite/NewsArticles 95-04-26-London-Murray-5.htm
2000.12.11 18:26 B C:\Documents and Settings\DAN1\MyDocs\My Webs\NewsArticles\95-04-26-SDU-KeywordFunny-2.htm --> www.unabombers.com /www/NewSite/NewsArticles 95-04-26-SDU-KeywordFunny-2.htm
2000.12.11 18:26 B C:\Documents and Settings\DAN1\MyDocs\My Webs\NewsArticles\95-04-26-SFC-ClearNylonTapewWhitestring-1.htm --> www.unabombers.com /www/NewSite/NewsArticles 95-04-26-SFC-ClearNylonTapewWhitestring-1.htm
2000.12.11 18:27 B C:\Documents and Settings\DAN1\MyDocs\My Webs\NewsArticles\95-04-26-SFC-MotiveRevealed-1.htm --> www.unabombers.com /www/NewSite/NewsArticles 95-04-26-SFC-MotiveRevealed-1.htm
2000.12.11 18:27 B C:\Documents and Settings\DAN1\MyDocs\My Webs\NewsArticles\95-04-26-SPT-Motives-3.htm --> www.unabombers.com /www/NewSite/NewsArticles 95-04-26-SPT-Motives-3.htm
2000.12.11 18:27 B C:\Documents and Settings\DAN1\MyDocs\My Webs\NewsArticles\95-04-26-ST.htm --> www.unabombers.com /www/NewSite/NewsArticles 95-04-26-ST.htm
2000.12.11 18:27 B C:\Documents and Settings\DAN1\MyDocs\My Webs\NewsArticles\95-04-26-USA.htm --> www.unabombers.com /www/NewSite/NewsArticles 95-04-26-USA.htm
2000.12.11 18:27 B C:\Documents and Settings\DAN1\MyDocs\My Webs\NewsArticles\95-04-26-USA2.htm --> www.unabombers.com /www/NewSite/NewsArticles 95-04-26-USA2.htm
2000.12.11 18:27 B C:\Documents and Settings\DAN1\MyDocs\My Webs\NewsArticles\95-04-26-WP.htm --> www.unabombers.com /www/NewSite/NewsArticles 95-04-26-WP.htm
2000.12.11 18:28 B C:\Documents and Settings\DAN1\MyDocs\My Webs\NewsArticles\95-04-27-AJ.htm --> www.unabombers.com /www/NewSite/NewsArticles 95-04-27-AJ.htm
2000.12.11 18:28 B C:\Documents and Settings\DAN1\MyDocs\My Webs\NewsArticles\95-04-27-AJ2.htm --> www.unabombers.com /www/NewSite/NewsArticles 95-04-27-AJ2.htm
2000.12.11 18:28 B C:\Documents and Settings\DAN1\MyDocs\My Webs\NewsArticles\95-04-27-AJ3.htm --> www.unabombers.com /www/NewSite/NewsArticles 95-04-27-AJ3.htm
2000.12.11 18:28 B C:\Documents and Settings\DAN1\MyDocs\My Webs\NewsArticles\95-04-27-AR.htm --> www.unabombers.com /www/NewSite/NewsArticles 95-04-27-AR.htm
2000.12.11 18:29 B C:\Documents and Settings\DAN1\MyDocs\My Webs\NewsArticles\95-04-27-BG.htm --> www.unabombers.com /www/NewSite/NewsArticles 95-04-27-BG.htm
2000.12.11 18:29 B C:\Documents and Settings\DAN1\MyDocs\My Webs\NewsArticles\95-04-27-BS.htm --> www.unabombers.com /www/NewSite/NewsArticles 95-04-27-BS.htm
2000.12.11 18:29 B C:\Documents and Settings\DAN1\MyDocs\My Webs\NewsArticles\95-04-27-CSM.htm --> www.unabombers.com /www/NewSite/NewsArticles 95-04-27-CSM.htm
2000.12.11 18:29 B C:\Documents and Settings\DAN1\MyDocs\My Webs\NewsArticles\95-04-27-CSM2.htm --> www.unabombers.com /www/NewSite/NewsArticles 95-04-27-CSM2.htm
2000.12.11 18:29 B C:\Documents and Settings\DAN1\MyDocs\My Webs\NewsArticles\95-04-27-DN.htm --> www.unabombers.com /www/NewSite/NewsArticles 95-04-27-DN.htm
2000.12.11 18:30 B C:\Documents and Settings\DAN1\MyDocs\My Webs\NewsArticles\95-04-27-HC.htm --> www.unabombers.com /www/NewSite/NewsArticles 95-04-27-HC.htm
2000.12.11 18:30 B C:\Documents and Settings\DAN1\MyDocs\My Webs\NewsArticles\95-04-27-LAT.htm --> www.unabombers.com /www/NewSite/NewsArticles 95-04-27-LAT.htm
2000.12.11 18:30 B C:\Documents and Settings\DAN1\MyDocs\My Webs\NewsArticles\95-04-27-LAT2.htm --> www.unabombers.com /www/NewSite/NewsArticles 95-04-27-LAT2.htm
2000.12.11 18:30 B C:\Documents and Settings\DAN1\MyDocs\My Webs\NewsArticles\95-04-27-LAT4.htm --> www.unabombers.com /www/NewSite/NewsArticles 95-04-27-LAT4.htm
2000.12.11 18:30 B C:\Documents and Settings\DAN1\MyDocs\My Webs\NewsArticles\95-04-27-LAT5.htm --> www.unabombers.com /www/NewSite/NewsArticles 95-04-27-LAT5.htm
2000.12.11 18:31 B C:\Documents and Settings\DAN1\MyDocs\My Webs\NewsArticles\95-04-27-London.htm --> www.unabombers.com /www/NewSite/NewsArticles 95-04-27-London.htm
2000.12.11 18:31 B C:\Documents and Settings\DAN1\MyDocs\My Webs\NewsArticles\95-04-27-London2.htm --> www.unabombers.com /www/NewSite/NewsArticles 95-04-27-London2.htm
2000.12.11 18:31 B C:\Documents and Settings\DAN1\MyDocs\My Webs\NewsArticles\95-04-27-London3.htm --> www.unabombers.com /www/NewSite/NewsArticles 95-04-27-London3.htm
2000.12.11 18:31 B C:\Documents and Settings\DAN1\MyDocs\My Webs\NewsArticles\95-04-27-MH.htm --> www.unabombers.com /www/NewSite/NewsArticles 95-04-27-MH.htm
2000.12.11 18:31 B C:\Documents and Settings\DAN1\MyDocs\My Webs\NewsArticles\95-04-27-SDU.htm --> www.unabombers.com /www/NewSite/NewsArticles 95-04-27-SDU.htm
2000.12.11 18:31 B C:\Documents and Settings\DAN1\MyDocs\My Webs\NewsArticles\95-04-27-SDU2.htm --> www.unabombers.com /www/NewSite/NewsArticles 95-04-27-SDU2.htm
2000.12.11 18:32 B C:\Documents and Settings\DAN1\MyDocs\My Webs\NewsArticles\95-04-27-SDU3.htm --> www.unabombers.com /www/NewSite/NewsArticles 95-04-27-SDU3.htm
2000.12.11 18:32 B C:\Documents and Settings\DAN1\MyDocs\My Webs\NewsArticles\95-04-27-SFC.htm --> www.unabombers.com /www/NewSite/NewsArticles 95-04-27-SFC.htm
2000.12.11 18:32 B C:\Documents and Settings\DAN1\MyDocs\My Webs\NewsArticles\95-04-27-SFC2.htm --> www.unabombers.com /www/NewSite/NewsArticles 95-04-27-SFC2.htm
2000.12.11 18:32 B C:\Documents and Settings\DAN1\MyDocs\My Webs\NewsArticles\95-04-27-SFC3.htm --> www.unabombers.com /www/NewSite/NewsArticles 95-04-27-SFC3.htm
2000.12.11 18:32 B C:\Documents and Settings\DAN1\MyDocs\My Webs\NewsArticles\95-04-27-ST.htm --> www.unabombers.com /www/NewSite/NewsArticles 95-04-27-ST.htm
2000.12.11 18:33 B C:\Documents and Settings\DAN1\MyDocs\My Webs\NewsArticles\95-04-27-Toronot2.htm --> www.unabombers.com /www/NewSite/NewsArticles 95-04-27-Toronot2.htm
2000.12.11 18:33 B C:\Documents and Settings\DAN1\MyDocs\My Webs\NewsArticles\95-04-27-Toronto.htm --> www.unabombers.com /www/NewSite/NewsArticles 95-04-27-Toronto.htm
2000.12.11 18:33 B C:\Documents and Settings\DAN1\MyDocs\My Webs\NewsArticles\95-04-27-Toronto3.htm --> www.unabombers.com /www/NewSite/NewsArticles 95-04-27-Toronto3.htm
2000.12.11 18:33 B C:\Documents and Settings\DAN1\MyDocs\My Webs\NewsArticles\95-04-27-USA.htm --> www.unabombers.com /www/NewSite/NewsArticles 95-04-27-USA.htm
2000.12.11 18:33 B C:\Documents and Settings\DAN1\MyDocs\My Webs\NewsArticles\95-04-27-WP.htm --> www.unabombers.com /www/NewSite/NewsArticles 95-04-27-WP.htm
2000.12.11 18:33 B C:\Documents and Settings\DAN1\MyDocs\My Webs\NewsArticles\95-04-28-AJ.htm --> www.unabombers.com /www/NewSite/NewsArticles 95-04-28-AJ.htm
2000.12.11 18:34 B C:\Documents and Settings\DAN1\MyDocs\My Webs\NewsArticles\95-04-28-DN.htm --> www.unabombers.com /www/NewSite/NewsArticles 95-04-28-DN.htm
2000.12.11 18:34 B C:\Documents and Settings\DAN1\MyDocs\My Webs\NewsArticles\95-04-28-LAT-Disinformation-1.htm --> www.unabombers.com /www/NewSite/NewsArticles 95-04-28-LAT-Disinformation-1.htm
2000.12.11 18:34 B C:\Documents and Settings\DAN1\MyDocs\My Webs\NewsArticles\95-04-28-LAT.htm --> www.unabombers.com /www/NewSite/NewsArticles 95-04-28-LAT.htm
2000.12.11 18:35 B C:\Documents and Settings\DAN1\MyDocs\My Webs\NewsArticles\95-04-28-LAT2.htm --> www.unabombers.com /www/NewSite/NewsArticles 95-04-28-LAT2.htm
2000.12.11 18:35 B C:\Documents and Settings\DAN1\MyDocs\My Webs\NewsArticles\95-04-28-Mont.htm --> www.unabombers.com /www/NewSite/NewsArticles 95-04-28-Mont.htm
2000.12.11 18:35 B C:\Documents and Settings\DAN1\MyDocs\My Webs\NewsArticles\95-04-28-SDU.htm --> www.unabombers.com /www/NewSite/NewsArticles 95-04-28-SDU.htm
2000.12.11 18:35 B C:\Documents and Settings\DAN1\MyDocs\My Webs\NewsArticles\95-04-28-SDU2.htm --> www.unabombers.com /www/NewSite/NewsArticles 95-04-28-SDU2.htm
2000.12.11 18:35 B C:\Documents and Settings\DAN1\MyDocs\My Webs\NewsArticles\95-04-28-SDU3.htm --> www.unabombers.com /www/NewSite/NewsArticles 95-04-28-SDU3.htm
2000.12.11 18:35 B C:\Documents and Settings\DAN1\MyDocs\My Webs\NewsArticles\95-04-28-SFC.htm --> www.unabombers.com /www/NewSite/NewsArticles 95-04-28-SFC.htm
2000.12.11 18:35 B C:\Documents and Settings\DAN1\MyDocs\My Webs\NewsArticles\95-04-28-TT.htm --> www.unabombers.com /www/NewSite/NewsArticles 95-04-28-TT.htm
2000.12.11 18:36 B C:\Documents and Settings\DAN1\MyDocs\My Webs\NewsArticles\95-04-29-AJ.htm --> www.unabombers.com /www/NewSite/NewsArticles 95-04-29-AJ.htm
2000.12.11 18:36 B C:\Documents and Settings\DAN1\MyDocs\My Webs\NewsArticles\95-04-29-DV.htm --> www.unabombers.com /www/NewSite/NewsArticles 95-04-29-DV.htm
2000.12.11 18:36 B C:\Documents and Settings\DAN1\MyDocs\My Webs\NewsArticles\95-04-29-LAT.htm --> www.unabombers.com /www/NewSite/NewsArticles 95-04-29-LAT.htm
2000.12.11 18:36 B C:\Documents and Settings\DAN1\MyDocs\My Webs\NewsArticles\95-04-29-PG.htm --> www.unabombers.com /www/NewSite/NewsArticles 95-04-29-PG.htm
2000.12.11 18:36 B C:\Documents and Settings\DAN1\MyDocs\My Webs\NewsArticles\95-04-29-SFC.htm --> www.unabombers.com /www/NewSite/NewsArticles 95-04-29-SFC.htm
2000.12.11 18:36 B C:\Documents and Settings\DAN1\MyDocs\My Webs\NewsArticles\95-04-29-TP.htm --> www.unabombers.com /www/NewSite/NewsArticles 95-04-29-TP.htm
2000.12.11 18:36 B C:\Documents and Settings\DAN1\MyDocs\My Webs\NewsArticles\95-04-30-AJ.htm --> www.unabombers.com /www/NewSite/NewsArticles 95-04-30-AJ.htm
2000.12.11 18:37 B C:\Documents and Settings\DAN1\MyDocs\My Webs\NewsArticles\95-04-30-AJ2.htm --> www.unabombers.com /www/NewSite/NewsArticles 95-04-30-AJ2.htm
2000.12.11 18:37 B C:\Documents and Settings\DAN1\MyDocs\My Webs\NewsArticles\95-04-30-BG.htm --> www.unabombers.com /www/NewSite/NewsArticles 95-04-30-BG.htm
2000.12.11 18:37 B C:\Documents and Settings\DAN1\MyDocs\My Webs\NewsArticles\95-04-30-DN.htm --> www.unabombers.com /www/NewSite/NewsArticles 95-04-30-DN.htm
2000.12.11 18:37 B C:\Documents and Settings\DAN1\MyDocs\My Webs\NewsArticles\95-04-30-DP.htm --> www.unabombers.com /www/NewSite/NewsArticles 95-04-30-DP.htm
2000.12.11 18:37 B C:\Documents and Settings\DAN1\MyDocs\My Webs\NewsArticles\95-04-30-KS.htm --> www.unabombers.com /www/NewSite/NewsArticles 95-04-30-KS.htm
2000.12.11 18:38 B C:\Documents and Settings\DAN1\MyDocs\My Webs\NewsArticles\95-04-30-LAT.htm --> www.unabombers.com /www/NewSite/NewsArticles 95-04-30-LAT.htm
2000.12.11 18:38 B C:\Documents and Settings\DAN1\MyDocs\My Webs\NewsArticles\95-04-30-ST.htm --> www.unabombers.com /www/NewSite/NewsArticles 95-04-30-ST.htm
2000.12.11 18:38 B C:\Documents and Settings\DAN1\MyDocs\My Webs\NewsArticles\95-04-30-ST2.htm --> www.unabombers.com /www/NewSite/NewsArticles 95-04-30-ST2.htm
2000.12.11 18:38 B C:\Documents and Settings\DAN1\MyDocs\My Webs\NewsArticles\95-05-01-DN.htm --> www.unabombers.com /www/NewSite/NewsArticles 95-05-01-DN.htm
2000.12.11 18:38 B C:\Documents and Settings\DAN1\MyDocs\My Webs\NewsArticles\95-05-01-DP.htm --> www.unabombers.com /www/NewSite/NewsArticles 95-05-01-DP.htm
2000.12.11 18:38 B C:\Documents and Settings\DAN1\MyDocs\My Webs\NewsArticles\95-05-01-DV.htm --> www.unabombers.com /www/NewSite/NewsArticles 95-05-01-DV.htm
2000.12.11 18:38 B C:\Documents and Settings\DAN1\MyDocs\My Webs\NewsArticles\95-05-01-Mont.htm --> www.unabombers.com /www/NewSite/NewsArticles 95-05-01-Mont.htm
2000.12.11 18:39 B C:\Documents and Settings\DAN1\MyDocs\My Webs\NewsArticles\95-05-01-PG.htm --> www.unabombers.com /www/NewSite/NewsArticles 95-05-01-PG.htm
2000.12.11 18:39 B C:\Documents and Settings\DAN1\MyDocs\My Webs\NewsArticles\95-05-01-SDU.htm --> www.unabombers.com /www/NewSite/NewsArticles 95-05-01-SDU.htm
2000.12.11 18:39 B C:\Documents and Settings\DAN1\MyDocs\My Webs\NewsArticles\95-05-01-SDU2.htm --> www.unabombers.com /www/NewSite/NewsArticles 95-05-01-SDU2.htm
2000.12.11 18:39 B C:\Documents and Settings\DAN1\MyDocs\My Webs\NewsArticles\95-05-01-SFC.htm --> www.unabombers.com /www/NewSite/NewsArticles 95-05-01-SFC.htm
2000.12.11 18:39 B C:\Documents and Settings\DAN1\MyDocs\My Webs\NewsArticles\95-05-02-AJ.htm --> www.unabombers.com /www/NewSite/NewsArticles 95-05-02-AJ.htm
2000.12.11 18:39 B C:\Documents and Settings\DAN1\MyDocs\My Webs\NewsArticles\95-05-02-AJ2.htm --> www.unabombers.com /www/NewSite/NewsArticles 95-05-02-AJ2.htm
2000.12.11 18:40 B C:\Documents and Settings\DAN1\MyDocs\My Webs\NewsArticles\95-05-02-AJ3.htm --> www.unabombers.com /www/NewSite/NewsArticles 95-05-02-AJ3.htm
2000.12.11 18:40 B C:\Documents and Settings\DAN1\MyDocs\My Webs\NewsArticles\95-05-02-AJ4.htm --> www.unabombers.com /www/NewSite/NewsArticles 95-05-02-AJ4.htm
2000.12.11 18:40 B C:\Documents and Settings\DAN1\MyDocs\My Webs\NewsArticles\95-05-02-BS.htm --> www.unabombers.com /www/NewSite/NewsArticles 95-05-02-BS.htm
2000.12.11 18:40 B C:\Documents and Settings\DAN1\MyDocs\My Webs\NewsArticles\95-05-02-DP.htm --> www.unabombers.com /www/NewSite/NewsArticles 95-05-02-DP.htm
2000.12.11 18:40 B C:\Documents and Settings\DAN1\MyDocs\My Webs\NewsArticles\95-05-02-DV.htm --> www.unabombers.com /www/NewSite/NewsArticles 95-05-02-DV.htm
2000.12.11 18:40 B C:\Documents and Settings\DAN1\MyDocs\My Webs\NewsArticles\95-05-02-HC.htm --> www.unabombers.com /www/NewSite/NewsArticles 95-05-02-HC.htm
2000.12.11 18:40 B C:\Documents and Settings\DAN1\MyDocs\My Webs\NewsArticles\95-05-02-ST.htm --> www.unabombers.com /www/NewSite/NewsArticles 95-05-02-ST.htm
2000.12.11 18:41 B C:\Documents and Settings\DAN1\MyDocs\My Webs\NewsArticles\95-05-02-Toronto.htm --> www.unabombers.com /www/NewSite/NewsArticles 95-05-02-Toronto.htm
2000.12.11 18:41 B C:\Documents and Settings\DAN1\MyDocs\My Webs\NewsArticles\95-05-02-TP.htm --> www.unabombers.com /www/NewSite/NewsArticles 95-05-02-TP.htm
2000.12.11 18:41 B C:\Documents and Settings\DAN1\MyDocs\My Webs\NewsArticles\95-05-02-USA.htm --> www.unabombers.com /www/NewSite/NewsArticles 95-05-02-USA.htm
2000.12.11 18:41 B C:\Documents and Settings\DAN1\MyDocs\My Webs\NewsArticles\95-05-02-WP.htm --> www.unabombers.com /www/NewSite/NewsArticles 95-05-02-WP.htm
2000.12.11 18:41 B C:\Documents and Settings\DAN1\MyDocs\My Webs\NewsArticles\95-05-02-WP2.htm --> www.unabombers.com /www/NewSite/NewsArticles 95-05-02-WP2.htm
2000.12.11 18:41 B C:\Documents and Settings\DAN1\MyDocs\My Webs\NewsArticles\95-05-03-CSM-Murrough-x5.htm --> www.unabombers.com /www/NewSite/NewsArticles 95-05-03-CSM-Murrough-x5.htm
2000.12.11 18:42 B C:\Documents and Settings\DAN1\MyDocs\My Webs\NewsArticles\95-05-03-CSM.htm --> www.unabombers.com /www/NewSite/NewsArticles 95-05-03-CSM.htm
2000.12.11 18:42 B C:\Documents and Settings\DAN1\MyDocs\My Webs\NewsArticles\95-05-03-CSM2.htm --> www.unabombers.com /www/NewSite/NewsArticles 95-05-03-CSM2.htm
2000.12.11 18:42 B C:\Documents and Settings\DAN1\MyDocs\My Webs\NewsArticles\95-05-03-DN.htm --> www.unabombers.com /www/NewSite/NewsArticles 95-05-03-DN.htm
2000.12.11 18:42 B C:\Documents and Settings\DAN1\MyDocs\My Webs\NewsArticles\95-05-03-IRISH.htm --> www.unabombers.com /www/NewSite/NewsArticles 95-05-03-IRISH.htm
2000.12.11 18:42 B C:\Documents and Settings\DAN1\MyDocs\My Webs\NewsArticles\95-05-03-NYT.htm --> www.unabombers.com /www/NewSite/NewsArticles 95-05-03-NYT.htm
2000.12.11 18:42 B C:\Documents and Settings\DAN1\MyDocs\My Webs\NewsArticles\95-05-03-PD.htm --> www.unabombers.com /www/NewSite/NewsArticles 95-05-03-PD.htm
2000.12.11 18:42 B C:\Documents and Settings\DAN1\MyDocs\My Webs\NewsArticles\95-05-03-SFC.htm --> www.unabombers.com /www/NewSite/NewsArticles 95-05-03-SFC.htm
2000.12.11 18:43 B C:\Documents and Settings\DAN1\MyDocs\My Webs\NewsArticles\95-05-04-SFC.htm --> www.unabombers.com /www/NewSite/NewsArticles 95-05-04-SFC.htm
2000.12.11 18:43 B C:\Documents and Settings\DAN1\MyDocs\My Webs\NewsArticles\95-05-04-SFC2.htm --> www.unabombers.com /www/NewSite/NewsArticles 95-05-04-SFC2.htm
2000.12.11 18:43 B C:\Documents and Settings\DAN1\MyDocs\My Webs\NewsArticles\95-05-05-AR.htm --> www.unabombers.com /www/NewSite/NewsArticles 95-05-05-AR.htm
2000.12.11 18:43 B C:\Documents and Settings\DAN1\MyDocs\My Webs\NewsArticles\95-05-05-CSM.htm --> www.unabombers.com /www/NewSite/NewsArticles 95-05-05-CSM.htm
2000.12.11 18:43 B C:\Documents and Settings\DAN1\MyDocs\My Webs\NewsArticles\95-05-05-London.htm --> www.unabombers.com /www/NewSite/NewsArticles 95-05-05-London.htm
2000.12.11 18:44 B C:\Documents and Settings\DAN1\MyDocs\My Webs\NewsArticles\95-05-05-London2.htm --> www.unabombers.com /www/NewSite/NewsArticles 95-05-05-London2.htm
2000.12.11 18:44 B C:\Documents and Settings\DAN1\MyDocs\My Webs\NewsArticles\95-05-05-PG.htm --> www.unabombers.com /www/NewSite/NewsArticles 95-05-05-PG.htm
2000.12.11 18:44 B C:\Documents and Settings\DAN1\MyDocs\My Webs\NewsArticles\95-05-06-DV.htm --> www.unabombers.com /www/NewSite/NewsArticles 95-05-06-DV.htm
2000.12.11 18:44 B C:\Documents and Settings\DAN1\MyDocs\My Webs\NewsArticles\95-05-06-HC.htm --> www.unabombers.com /www/NewSite/NewsArticles 95-05-06-HC.htm
2000.12.11 18:44 B C:\Documents and Settings\DAN1\MyDocs\My Webs\NewsArticles\95-05-06-PD.htm --> www.unabombers.com /www/NewSite/NewsArticles 95-05-06-PD.htm
2000.12.11 18:45 B C:\Documents and Settings\DAN1\MyDocs\My Webs\NewsArticles\95-05-06-WP.htm --> www.unabombers.com /www/NewSite/NewsArticles 95-05-06-WP.htm
2000.12.11 18:45 B C:\Documents and Settings\DAN1\MyDocs\My Webs\NewsArticles\95-05-07-DV.htm --> www.unabombers.com /www/NewSite/NewsArticles 95-05-07-DV.htm
2000.12.11 18:45 B C:\Documents and Settings\DAN1\MyDocs\My Webs\NewsArticles\95-05-07-NYT.htm --> www.unabombers.com /www/NewSite/NewsArticles 95-05-07-NYT.htm
2000.12.11 18:45 B C:\Documents and Settings\DAN1\MyDocs\My Webs\NewsArticles\95-05-07-SFC.htm --> www.unabombers.com /www/NewSite/NewsArticles 95-05-07-SFC.htm
2000.12.11 18:46 B C:\Documents and Settings\DAN1\MyDocs\My Webs\NewsArticles\95-05-07-WP.htm --> www.unabombers.com /www/NewSite/NewsArticles 95-05-07-WP.htm
2000.12.11 18:46 B C:\Documents and Settings\DAN1\MyDocs\My Webs\NewsArticles\95-05-08-HC.htm --> www.unabombers.com /www/NewSite/NewsArticles 95-05-08-HC.htm
2000.12.11 18:46 B C:\Documents and Settings\DAN1\MyDocs\My Webs\NewsArticles\95-05-08-USA.htm --> www.unabombers.com /www/NewSite/NewsArticles 95-05-08-USA.htm
2000.12.11 18:46 B C:\Documents and Settings\DAN1\MyDocs\My Webs\NewsArticles\95-05-09-AJ-LetterNotDisclosed-2.htm --> www.unabombers.com /www/NewSite/NewsArticles 95-05-09-AJ-LetterNotDisclosed-2.htm
2000.12.11 18:46 B C:\Documents and Settings\DAN1\MyDocs\My Webs\NewsArticles\95-05-09-BG.htm --> www.unabombers.com /www/NewSite/NewsArticles 95-05-09-BG.htm
2000.12.11 18:46 B C:\Documents and Settings\DAN1\MyDocs\My Webs\NewsArticles\95-05-09-Bg2.htm --> www.unabombers.com /www/NewSite/NewsArticles 95-05-09-Bg2.htm
2000.12.11 18:47 B C:\Documents and Settings\DAN1\MyDocs\My Webs\NewsArticles\95-05-09-BH.htm --> www.unabombers.com /www/NewSite/NewsArticles 95-05-09-BH.htm
2000.12.11 18:47 B C:\Documents and Settings\DAN1\MyDocs\My Webs\NewsArticles\95-05-09-CST.htm --> www.unabombers.com /www/NewSite/NewsArticles 95-05-09-CST.htm
2000.12.11 18:47 B C:\Documents and Settings\DAN1\MyDocs\My Webs\NewsArticles\95-05-09-Mont.htm --> www.unabombers.com /www/NewSite/NewsArticles 95-05-09-Mont.htm
2000.12.11 18:47 B C:\Documents and Settings\DAN1\MyDocs\My Webs\NewsArticles\95-05-09-SFC.htm --> www.unabombers.com /www/NewSite/NewsArticles 95-05-09-SFC.htm
2000.12.11 18:47 B C:\Documents and Settings\DAN1\MyDocs\My Webs\NewsArticles\95-05-09-ST.htm --> www.unabombers.com /www/NewSite/NewsArticles 95-05-09-ST.htm
2000.12.11 18:48 B C:\Documents and Settings\DAN1\MyDocs\My Webs\NewsArticles\95-05-10-BG.htm --> www.unabombers.com /www/NewSite/NewsArticles 95-05-10-BG.htm
2000.12.11 18:48 B C:\Documents and Settings\DAN1\MyDocs\My Webs\NewsArticles\95-05-10-BG2.htm --> www.unabombers.com /www/NewSite/NewsArticles 95-05-10-BG2.htm
2000.12.11 18:48 B C:\Documents and Settings\DAN1\MyDocs\My Webs\NewsArticles\95-05-10-BH.htm --> www.unabombers.com /www/NewSite/NewsArticles 95-05-10-BH.htm
2000.12.11 18:48 B C:\Documents and Settings\DAN1\MyDocs\My Webs\NewsArticles\95-05-10-DN.htm --> www.unabombers.com /www/NewSite/NewsArticles 95-05-10-DN.htm
2000.12.11 18:48 B C:\Documents and Settings\DAN1\MyDocs\My Webs\NewsArticles\95-05-10-DV.htm --> www.unabombers.com /www/NewSite/NewsArticles 95-05-10-DV.htm
2000.12.11 18:48 B C:\Documents and Settings\DAN1\MyDocs\My Webs\NewsArticles\95-05-10-KCS.htm --> www.unabombers.com /www/NewSite/NewsArticles 95-05-10-KCS.htm
2000.12.11 18:49 B C:\Documents and Settings\DAN1\MyDocs\My Webs\NewsArticles\95-05-10-SFC.htm --> www.unabombers.com /www/NewSite/NewsArticles 95-05-10-SFC.htm
2000.12.11 18:49 B C:\Documents and Settings\DAN1\MyDocs\My Webs\NewsArticles\95-05-10-Toronto.htm --> www.unabombers.com /www/NewSite/NewsArticles 95-05-10-Toronto.htm
2000.12.11 18:49 B C:\Documents and Settings\DAN1\MyDocs\My Webs\NewsArticles\95-05-10-Toronto2.htm --> www.unabombers.com /www/NewSite/NewsArticles 95-05-10-Toronto2.htm
2000.12.11 18:49 B C:\Documents and Settings\DAN1\MyDocs\My Webs\NewsArticles\95-05-10-TS.htm --> www.unabombers.com /www/NewSite/NewsArticles 95-05-10-TS.htm
2000.12.11 18:49 B C:\Documents and Settings\DAN1\MyDocs\My Webs\NewsArticles\95-05-11-CSM.htm --> www.unabombers.com /www/NewSite/NewsArticles 95-05-11-CSM.htm
2000.12.11 18:49 B C:\Documents and Settings\DAN1\MyDocs\My Webs\NewsArticles\95-05-12-CD.htm --> www.unabombers.com /www/NewSite/NewsArticles 95-05-12-CD.htm
2000.12.11 18:50 B C:\Documents and Settings\DAN1\MyDocs\My Webs\NewsArticles\95-05-13-BG.htm --> www.unabombers.com /www/NewSite/NewsArticles 95-05-13-BG.htm
2000.12.11 18:50 B C:\Documents and Settings\DAN1\MyDocs\My Webs\NewsArticles\95-05-13-HC.htm --> www.unabombers.com /www/NewSite/NewsArticles 95-05-13-HC.htm
2000.12.11 18:50 B C:\Documents and Settings\DAN1\MyDocs\My Webs\NewsArticles\95-05-14-BG.htm --> www.unabombers.com /www/NewSite/NewsArticles 95-05-14-BG.htm
2000.12.11 18:50 B C:\Documents and Settings\DAN1\MyDocs\My Webs\NewsArticles\95-05-14-BH.htm --> www.unabombers.com /www/NewSite/NewsArticles 95-05-14-BH.htm
2000.12.11 18:51 B C:\Documents and Settings\DAN1\MyDocs\My Webs\NewsArticles\95-05-14-OWH.htm --> www.unabombers.com /www/NewSite/NewsArticles 95-05-14-OWH.htm
2000.12.11 18:51 B C:\Documents and Settings\DAN1\MyDocs\My Webs\NewsArticles\95-05-14-SFC.htm --> www.unabombers.com /www/NewSite/NewsArticles 95-05-14-SFC.htm
2000.12.11 18:51 B C:\Documents and Settings\DAN1\MyDocs\My Webs\NewsArticles\95-05-14-ST.htm --> www.unabombers.com /www/NewSite/NewsArticles 95-05-14-ST.htm
2000.12.11 18:51 B C:\Documents and Settings\DAN1\MyDocs\My Webs\NewsArticles\95-05-14-ST2.htm --> www.unabombers.com /www/NewSite/NewsArticles 95-05-14-ST2.htm
2000.12.11 18:51 B C:\Documents and Settings\DAN1\MyDocs\My Webs\NewsArticles\95-05-15-Londond.htm --> www.unabombers.com /www/NewSite/NewsArticles 95-05-15-Londond.htm
2000.12.11 18:52 B C:\Documents and Settings\DAN1\MyDocs\My Webs\NewsArticles\95-05-15-usa.htm --> www.unabombers.com /www/NewSite/NewsArticles 95-05-15-usa.htm
2000.12.11 18:52 B C:\Documents and Settings\DAN1\MyDocs\My Webs\NewsArticles\95-05-15-USA2.htm --> www.unabombers.com /www/NewSite/NewsArticles 95-05-15-USA2.htm
2000.12.11 18:52 B C:\Documents and Settings\DAN1\MyDocs\My Webs\NewsArticles\95-05-16-BS.htm --> www.unabombers.com /www/NewSite/NewsArticles 95-05-16-BS.htm
2000.12.11 18:52 B C:\Documents and Settings\DAN1\MyDocs\My Webs\NewsArticles\95-05-16-SFC.htm --> www.unabombers.com /www/NewSite/NewsArticles 95-05-16-SFC.htm
2000.12.11 18:52 B C:\Documents and Settings\DAN1\MyDocs\My Webs\NewsArticles\95-05-17-BS.htm --> www.unabombers.com /www/NewSite/NewsArticles 95-05-17-BS.htm
2000.12.11 18:53 B C:\Documents and Settings\DAN1\MyDocs\My Webs\NewsArticles\95-05-30-PG.htm --> www.unabombers.com /www/NewSite/NewsArticles 95-05-30-PG.htm
2000.12.11 18:53 B C:\Documents and Settings\DAN1\MyDocs\My Webs\NewsArticles\95-06-29-LAT-Nathan-ID-Airliner-1.htm --> www.unabombers.com /www/NewSite/NewsArticles 95-06-29-LAT-Nathan-ID-Airliner-1.htm
2000.12.11 18:53 B C:\Documents and Settings\DAN1\MyDocs\My Webs\NewsArticles\95-07-07-LAT-Sketch-Video-1.htm --> www.unabombers.com /www/NewSite/NewsArticles 95-07-07-LAT-Sketch-Video-1.htm
2000.12.11 18:53 B C:\Documents and Settings\DAN1\MyDocs\My Webs\NewsArticles\95-07-07-ST-Sketch-Video-5.htm --> www.unabombers.com /www/NewSite/NewsArticles 95-07-07-ST-Sketch-Video-5.htm
2000.12.11 18:53 B C:\Documents and Settings\DAN1\MyDocs\My Webs\NewsArticles\95-07-08-SFC-Video-PrematureDenial-1.htm --> www.unabombers.com /www/NewSite/NewsArticles 95-07-08-SFC-Video-PrematureDenial-1.htm
2000.12.11 18:53 B C:\Documents and Settings\DAN1\MyDocs\My Webs\NewsArticles\95-07-30-LAT-PureWood-1.htm --> www.unabombers.com /www/NewSite/NewsArticles 95-07-30-LAT-PureWood-1.htm
2000.12.11 18:54 B C:\Documents and Settings\DAN1\MyDocs\My Webs\NewsArticles\95-07-31-HC-KilgoreSuspect-5.htm --> www.unabombers.com /www/NewSite/NewsArticles 95-07-31-HC-KilgoreSuspect-5.htm
2000.12.11 18:54 B C:\Documents and Settings\DAN1\MyDocs\My Webs\NewsArticles\95-08-02-WP-ManifestoPublished-3.htm --> www.unabombers.com /www/NewSite/NewsArticles 95-08-02-WP-ManifestoPublished-3.htm
2000.12.11 18:54 B C:\Documents and Settings\DAN1\MyDocs\My Webs\NewsArticles\95-11-20-OWH.htm --> www.unabombers.com /www/NewSite/NewsArticles 95-11-20-OWH.htm
2000.12.11 18:54 B C:\Documents and Settings\DAN1\MyDocs\My Webs\NewsArticles\95-11-20-SFC.htm --> www.unabombers.com /www/NewSite/NewsArticles 95-11-20-SFC.htm
2000.12.11 18:54 B C:\Documents and Settings\DAN1\MyDocs\My Webs\NewsArticles\95-11-21-AJ.htm --> www.unabombers.com /www/NewSite/NewsArticles 95-11-21-AJ.htm
2000.12.11 18:54 B C:\Documents and Settings\DAN1\MyDocs\My Webs\NewsArticles\95-11-21-BS.htm --> www.unabombers.com /www/NewSite/NewsArticles 95-11-21-BS.htm
2000.12.11 18:55 B C:\Documents and Settings\DAN1\MyDocs\My Webs\NewsArticles\95-11-21-DP.htm --> www.unabombers.com /www/NewSite/NewsArticles 95-11-21-DP.htm
2000.12.11 18:55 B C:\Documents and Settings\DAN1\MyDocs\My Webs\NewsArticles\95-11-21-NYT.htm --> www.unabombers.com /www/NewSite/NewsArticles 95-11-21-NYT.htm
2000.12.11 18:55 B C:\Documents and Settings\DAN1\MyDocs\My Webs\NewsArticles\95-11-21-SFC.htm --> www.unabombers.com /www/NewSite/NewsArticles 95-11-21-SFC.htm
2000.12.11 18:56 B C:\Documents and Settings\DAN1\MyDocs\My Webs\NewsArticles\95-11-21-SFC2.htm --> www.unabombers.com /www/NewSite/NewsArticles 95-11-21-SFC2.htm
2000.12.11 18:56 B C:\Documents and Settings\DAN1\MyDocs\My Webs\NewsArticles\95-11-21-SP.htm --> www.unabombers.com /www/NewSite/NewsArticles 95-11-21-SP.htm
2000.12.11 18:56 B C:\Documents and Settings\DAN1\MyDocs\My Webs\NewsArticles\95-11-22-USA.htm --> www.unabombers.com /www/NewSite/NewsArticles 95-11-22-USA.htm
2000.12.11 18:56 B C:\Documents and Settings\DAN1\MyDocs\My Webs\NewsArticles\95-11-23-BH.htm --> www.unabombers.com /www/NewSite/NewsArticles 95-11-23-BH.htm
2000.12.11 18:57 B C:\Documents and Settings\DAN1\MyDocs\My Webs\NewsArticles\95-11-23-DV.htm --> www.unabombers.com /www/NewSite/NewsArticles 95-11-23-DV.htm
2000.12.11 18:57 B C:\Documents and Settings\DAN1\MyDocs\My Webs\NewsArticles\95-11-25-SDU-3.htm --> www.unabombers.com /www/NewSite/NewsArticles 95-11-25-SDU-3.htm
2000.12.11 18:57 B C:\Documents and Settings\DAN1\MyDocs\My Webs\NewsArticles\95-11-25-SDU.htm --> www.unabombers.com /www/NewSite/NewsArticles 95-11-25-SDU.htm
2000.12.11 18:57 B C:\Documents and Settings\DAN1\MyDocs\My Webs\NewsArticles\95-11-25-SDU2.htm --> www.unabombers.com /www/NewSite/NewsArticles 95-11-25-SDU2.htm
2000.12.11 18:57 B C:\Documents and Settings\DAN1\MyDocs\My Webs\NewsArticles\95-11-25-SDU4.htm --> www.unabombers.com /www/NewSite/NewsArticles 95-11-25-SDU4.htm
2000.12.11 18:58 B C:\Documents and Settings\DAN1\MyDocs\My Webs\NewsArticles\95-11-25-SFC.htm --> www.unabombers.com /www/NewSite/NewsArticles 95-11-25-SFC.htm
2000.12.11 18:58 B C:\Documents and Settings\DAN1\MyDocs\My Webs\NewsArticles\95-11-25=SDU.htm --> www.unabombers.com /www/NewSite/NewsArticles 95-11-25=SDU.htm
2000.12.11 18:58 B C:\Documents and Settings\DAN1\MyDocs\My Webs\NewsArticles\95-11-26-SFC.htm --> www.unabombers.com /www/NewSite/NewsArticles 95-11-26-SFC.htm
2000.12.11 18:58 B C:\Documents and Settings\DAN1\MyDocs\My Webs\NewsArticles\95-11-27-Ottawa.htm --> www.unabombers.com /www/NewSite/NewsArticles 95-11-27-Ottawa.htm
2000.12.11 18:59 B C:\Documents and Settings\DAN1\MyDocs\My Webs\NewsArticles\95-11-27-SFC.htm --> www.unabombers.com /www/NewSite/NewsArticles 95-11-27-SFC.htm
2000.12.11 18:59 B C:\Documents and Settings\DAN1\MyDocs\My Webs\NewsArticles\95-11-28-BH.htm --> www.unabombers.com /www/NewSite/NewsArticles 95-11-28-BH.htm
2000.12.11 18:59 B C:\Documents and Settings\DAN1\MyDocs\My Webs\NewsArticles\95-11-28-TP.htm --> www.unabombers.com /www/NewSite/NewsArticles 95-11-28-TP.htm
2000.12.11 18:59 B C:\Documents and Settings\DAN1\MyDocs\My Webs\NewsArticles\95-11-29-BS.htm --> www.unabombers.com /www/NewSite/NewsArticles 95-11-29-BS.htm
2000.12.11 18:59 B C:\Documents and Settings\DAN1\MyDocs\My Webs\NewsArticles\95-11-29-BS2.htm --> www.unabombers.com /www/NewSite/NewsArticles 95-11-29-BS2.htm
2000.12.11 18:59 B C:\Documents and Settings\DAN1\MyDocs\My Webs\NewsArticles\95-11-29-SFC.htm --> www.unabombers.com /www/NewSite/NewsArticles 95-11-29-SFC.htm
2000.12.11 19:00 B C:\Documents and Settings\DAN1\MyDocs\My Webs\NewsArticles\95-11-30-PG.htm --> www.unabombers.com /www/NewSite/NewsArticles 95-11-30-PG.htm
2000.12.11 19:00 B C:\Documents and Settings\DAN1\MyDocs\My Webs\NewsArticles\96-04-04-AJ-Misc-3.htm --> www.unabombers.com /www/NewSite/NewsArticles 96-04-04-AJ-Misc-3.htm
2000.12.11 19:00 B C:\Documents and Settings\DAN1\MyDocs\My Webs\NewsArticles\96-04-05-LAT-Misc-4.htm --> www.unabombers.com /www/NewSite/NewsArticles 96-04-05-LAT-Misc-4.htm
2000.12.11 19:00 B C:\Documents and Settings\DAN1\MyDocs\My Webs\NewsArticles\96-04-10-DP-Legalmanuver-3.htm --> www.unabombers.com /www/NewSite/NewsArticles 96-04-10-DP-Legalmanuver-3.htm
2000.12.11 19:00 B C:\Documents and Settings\DAN1\MyDocs\My Webs\NewsArticles\96-04-11-AJ-ID Unlikely-1.htm --> www.unabombers.com /www/NewSite/NewsArticles 96-04-11-AJ-ID Unlikely-1.htm
2000.12.11 19:01 B C:\Documents and Settings\DAN1\MyDocs\My Webs\NewsArticles\96-04-11-DP-GrandJury-1.htm --> www.unabombers.com /www/NewSite/NewsArticles 96-04-11-DP-GrandJury-1.htm
2000.12.11 19:01 B C:\Documents and Settings\DAN1\MyDocs\My Webs\NewsArticles\96-04-11-LAT-Misc-4.htm --> www.unabombers.com /www/NewSite/NewsArticles 96-04-11-LAT-Misc-4.htm
2000.12.11 19:01 B C:\Documents and Settings\DAN1\MyDocs\My Webs\NewsArticles\96-04-11-LAT2-manifesto-5.htm --> www.unabombers.com /www/NewSite/NewsArticles 96-04-11-LAT2-manifesto-5.htm
2000.12.11 19:01 B C:\Documents and Settings\DAN1\MyDocs\My Webs\NewsArticles\96-04-11-WP-Witness-RoadHazzard-1.htm --> www.unabombers.com /www/NewSite/NewsArticles 96-04-11-WP-Witness-RoadHazzard-1.htm
2000.12.11 19:01 B C:\Documents and Settings\DAN1\MyDocs\My Webs\NewsArticles\96-04-15-ST-CabinEvidence-4.htm --> www.unabombers.com /www/NewSite/NewsArticles 96-04-15-ST-CabinEvidence-4.htm
2000.12.11 19:01 B C:\Documents and Settings\DAN1\MyDocs\My Webs\NewsArticles\96-04-16-AJ-CabinEvidence-4.htm --> www.unabombers.com /www/NewSite/NewsArticles 96-04-16-AJ-CabinEvidence-4.htm
2000.12.11 19:01 B C:\Documents and Settings\DAN1\MyDocs\My Webs\NewsArticles\96-04-16-AJ2-CabinEvidence-4.htm --> www.unabombers.com /www/NewSite/NewsArticles 96-04-16-AJ2-CabinEvidence-4.htm
2000.12.11 19:02 B C:\Documents and Settings\DAN1\MyDocs\My Webs\NewsArticles\96-04-16-PD-CabinEvidence-4.htm --> www.unabombers.com /www/NewSite/NewsArticles 96-04-16-PD-CabinEvidence-4.htm
2000.12.11 19:02 B C:\Documents and Settings\DAN1\MyDocs\My Webs\NewsArticles\96-04-16-ST-CabinEvidence-4.htm --> www.unabombers.com /www/NewSite/NewsArticles 96-04-16-ST-CabinEvidence-4.htm
2000.12.11 19:02 B C:\Documents and Settings\DAN1\MyDocs\My Webs\NewsArticles\96-04-16-TOR-CabinEvidence-5.htm --> www.unabombers.com /www/NewSite/NewsArticles 96-04-16-TOR-CabinEvidence-5.htm
2000.12.11 19:02 B C:\Documents and Settings\DAN1\MyDocs\My Webs\NewsArticles\96-04-17-CSM-FedDisclosures-1.htm --> www.unabombers.com /www/NewSite/NewsArticles 96-04-17-CSM-FedDisclosures-1.htm
2000.12.11 19:03 B C:\Documents and Settings\DAN1\MyDocs\My Webs\NewsArticles\96-05-14-SFC-.htm --> www.unabombers.com /www/NewSite/NewsArticles 96-05-14-SFC-.htm
2000.12.11 19:03 B C:\Documents and Settings\DAN1\MyDocs\My Webs\NewsArticles\96-05-14-SFC.htm --> www.unabombers.com /www/NewSite/NewsArticles 96-05-14-SFC.htm
2000.12.11 19:03 B C:\Documents and Settings\DAN1\MyDocs\My Webs\NewsArticles\96-05-26-NYT-Psychobable-3.htm --> www.unabombers.com /www/NewSite/NewsArticles 96-05-26-NYT-Psychobable-3.htm
2000.12.11 19:04 B C:\Documents and Settings\DAN1\MyDocs\My Webs\NewsArticles\96-06-27-SFC-LetterToEditor-2.htm --> www.unabombers.com /www/NewSite/NewsArticles 96-06-27-SFC-LetterToEditor-2.htm
2000.12.11 19:04 B C:\Documents and Settings\DAN1\MyDocs\My Webs\NewsArticles\96-07-28-OTTOWA.htm --> www.unabombers.com /www/NewSite/NewsArticles 96-07-28-OTTOWA.htm
2000.12.11 19:04 B C:\Documents and Settings\DAN1\MyDocs\My Webs\NewsArticles\96-07-28-ST-Editorial-5.htm --> www.unabombers.com /www/NewSite/NewsArticles 96-07-28-ST-Editorial-5.htm
2000.12.11 19:04 B C:\Documents and Settings\DAN1\MyDocs\My Webs\NewsArticles\96-11-19-SFC-Coverup-1.htm --> www.unabombers.com /www/NewSite/NewsArticles 96-11-19-SFC-Coverup-1.htm
2000.12.11 19:04 B C:\Documents and Settings\DAN1\MyDocs\My Webs\NewsArticles\97-03-06-LAT-Freh-LabScam-3.htm --> www.unabombers.com /www/NewSite/NewsArticles 97-03-06-LAT-Freh-LabScam-3.htm
2000.12.11 19:05 B C:\Documents and Settings\DAN1\MyDocs\My Webs\NewsArticles\97-04-16-LAT-FBILabScam-1.htm --> www.unabombers.com /www/NewSite/NewsArticles 97-04-16-LAT-FBILabScam-1.htm
2000.12.11 19:05 B C:\Documents and Settings\DAN1\MyDocs\My Webs\NewsArticles\97-04-16-PD-FBILabScam-2.htm --> www.unabombers.com /www/NewSite/NewsArticles 97-04-16-PD-FBILabScam-2.htm
2000.12.11 19:06 B C:\Documents and Settings\DAN1\MyDocs\My Webs\NewsArticles\97-11-09-SFC-TimeLine-4.htm --> www.unabombers.com /www/NewSite/NewsArticles 97-11-09-SFC-TimeLine-4.htm
2000.12.11 19:06 B C:\Documents and Settings\DAN1\MyDocs\My Webs\NewsArticles\97-11-11-USA-Graysmith-1.htm --> www.unabombers.com /www/NewSite/NewsArticles 97-11-11-USA-Graysmith-1.htm
2000.12.11 19:06 B C:\Documents and Settings\DAN1\MyDocs\My Webs\NewsArticles\97-12-15-LAT-Insanity-3.htm --> www.unabombers.com /www/NewSite/NewsArticles 97-12-15-LAT-Insanity-3.htm
2000.12.11 19:07 B C:\Documents and Settings\DAN1\MyDocs\My Webs\NewsArticles\97-12-27-NYT.htm --> www.unabombers.com /www/NewSite/NewsArticles 97-12-27-NYT.htm
2000.12.11 19:07 B C:\Documents and Settings\DAN1\MyDocs\My Webs\NewsArticles\98-01-03-LAT.htm --> www.unabombers.com /www/NewSite/NewsArticles 98-01-03-LAT.htm
2000.12.11 19:07 B C:\Documents and Settings\DAN1\MyDocs\My Webs\NewsArticles\98-01-04-NYT-Insanity-1.htm --> www.unabombers.com /www/NewSite/NewsArticles 98-01-04-NYT-Insanity-1.htm
2000.12.11 19:07 B C:\Documents and Settings\DAN1\MyDocs\My Webs\NewsArticles\document.html --> www.unabombers.com /www/NewSite/NewsArticles document.html
