2001.01.05 10:55 B C:\Documents and Settings\DAN1\MyDocs\Unabombers.com\NewsArticles\VanPac\89-12-18-v+.htm --> www.unabombers.com /www/NewsArticles/VanPac 89-12-18-v+.htm
2001.01.05 10:56 B C:\Documents and Settings\DAN1\MyDocs\Unabombers.com\NewsArticles\VanPac\89-12-18-vv.htm --> www.unabombers.com /www/NewsArticles/VanPac 89-12-18-vv.htm
2001.01.05 10:56 B C:\Documents and Settings\DAN1\MyDocs\Unabombers.com\NewsArticles\VanPac\89-12-19-v.htm --> www.unabombers.com /www/NewsArticles/VanPac 89-12-19-v.htm
2001.01.05 10:56 B C:\Documents and Settings\DAN1\MyDocs\Unabombers.com\NewsArticles\VanPac\89-12-19-vv.htm --> www.unabombers.com /www/NewsArticles/VanPac 89-12-19-vv.htm
2001.01.05 10:56 B C:\Documents and Settings\DAN1\MyDocs\Unabombers.com\NewsArticles\VanPac\89-12-20-v.htm --> www.unabombers.com /www/NewsArticles/VanPac 89-12-20-v.htm
2001.01.05 10:56 B C:\Documents and Settings\DAN1\MyDocs\Unabombers.com\NewsArticles\VanPac\89-12-21-v.htm --> www.unabombers.com /www/NewsArticles/VanPac 89-12-21-v.htm
2001.01.05 10:56 B C:\Documents and Settings\DAN1\MyDocs\Unabombers.com\NewsArticles\VanPac\89-12-21-vv.htm --> www.unabombers.com /www/NewsArticles/VanPac 89-12-21-vv.htm
2001.01.05 10:56 B C:\Documents and Settings\DAN1\MyDocs\Unabombers.com\NewsArticles\VanPac\89-12-22-v.htm --> www.unabombers.com /www/NewsArticles/VanPac 89-12-22-v.htm
2001.01.05 10:57 B C:\Documents and Settings\DAN1\MyDocs\Unabombers.com\NewsArticles\VanPac\89-12-22-vv.htm --> www.unabombers.com /www/NewsArticles/VanPac 89-12-22-vv.htm
2001.01.05 10:57 B C:\Documents and Settings\DAN1\MyDocs\Unabombers.com\NewsArticles\VanPac\89-12-22-vvv.htm --> www.unabombers.com /www/NewsArticles/VanPac 89-12-22-vvv.htm
2001.01.05 10:57 B C:\Documents and Settings\DAN1\MyDocs\Unabombers.com\NewsArticles\VanPac\89-12-23-v.htm --> www.unabombers.com /www/NewsArticles/VanPac 89-12-23-v.htm
2001.01.05 10:57 B C:\Documents and Settings\DAN1\MyDocs\Unabombers.com\NewsArticles\VanPac\89-12-30-v.htm --> www.unabombers.com /www/NewsArticles/VanPac 89-12-30-v.htm
2001.01.05 10:57 B C:\Documents and Settings\DAN1\MyDocs\Unabombers.com\NewsArticles\VanPac\90-01-03-v.htm --> www.unabombers.com /www/NewsArticles/VanPac 90-01-03-v.htm
2001.01.05 10:57 B C:\Documents and Settings\DAN1\MyDocs\Unabombers.com\NewsArticles\VanPac\90-01-04-v.htm --> www.unabombers.com /www/NewsArticles/VanPac 90-01-04-v.htm
2001.01.05 10:58 B C:\Documents and Settings\DAN1\MyDocs\Unabombers.com\NewsArticles\VanPac\90-01-07-v.htm --> www.unabombers.com /www/NewsArticles/VanPac 90-01-07-v.htm
2001.01.05 10:58 B C:\Documents and Settings\DAN1\MyDocs\Unabombers.com\NewsArticles\VanPac\90-01-12-v.htm --> www.unabombers.com /www/NewsArticles/VanPac 90-01-12-v.htm
2001.01.05 10:58 B C:\Documents and Settings\DAN1\MyDocs\Unabombers.com\NewsArticles\VanPac\90-02-06-v.htm --> www.unabombers.com /www/NewsArticles/VanPac 90-02-06-v.htm
2001.01.05 10:58 B C:\Documents and Settings\DAN1\MyDocs\Unabombers.com\NewsArticles\VanPac\90-02-10-v.htm --> www.unabombers.com /www/NewsArticles/VanPac 90-02-10-v.htm
2001.01.05 10:58 B C:\Documents and Settings\DAN1\MyDocs\Unabombers.com\NewsArticles\VanPac\90-02-13-v.htm --> www.unabombers.com /www/NewsArticles/VanPac 90-02-13-v.htm
2001.01.05 10:58 B C:\Documents and Settings\DAN1\MyDocs\Unabombers.com\NewsArticles\VanPac\90-06-12-v.htm --> www.unabombers.com /www/NewsArticles/VanPac 90-06-12-v.htm
2001.01.05 10:58 B C:\Documents and Settings\DAN1\MyDocs\Unabombers.com\NewsArticles\VanPac\90-11-01-v.htm --> www.unabombers.com /www/NewsArticles/VanPac 90-11-01-v.htm
2001.01.05 10:59 B C:\Documents and Settings\DAN1\MyDocs\Unabombers.com\NewsArticles\VanPac\90-11-08-v.htm --> www.unabombers.com /www/NewsArticles/VanPac 90-11-08-v.htm
2001.01.05 10:59 B C:\Documents and Settings\DAN1\MyDocs\Unabombers.com\NewsArticles\VanPac\90-11-15-v.htm --> www.unabombers.com /www/NewsArticles/VanPac 90-11-15-v.htm
2001.01.05 10:59 B C:\Documents and Settings\DAN1\MyDocs\Unabombers.com\NewsArticles\VanPac\91-01-05-v.htm --> www.unabombers.com /www/NewsArticles/VanPac 91-01-05-v.htm
2001.01.05 10:59 B C:\Documents and Settings\DAN1\MyDocs\Unabombers.com\NewsArticles\VanPac\91-02-01-v.htm --> www.unabombers.com /www/NewsArticles/VanPac 91-02-01-v.htm
2001.01.05 10:59 B C:\Documents and Settings\DAN1\MyDocs\Unabombers.com\NewsArticles\VanPac\91-03-18-v.htm --> www.unabombers.com /www/NewsArticles/VanPac 91-03-18-v.htm
2001.01.05 10:59 B C:\Documents and Settings\DAN1\MyDocs\Unabombers.com\NewsArticles\VanPac\91-04-17-v.htm --> www.unabombers.com /www/NewsArticles/VanPac 91-04-17-v.htm
2001.01.05 10:59 B C:\Documents and Settings\DAN1\MyDocs\Unabombers.com\NewsArticles\VanPac\91-06-05-v.htm --> www.unabombers.com /www/NewsArticles/VanPac 91-06-05-v.htm
2001.01.05 11:00 B C:\Documents and Settings\DAN1\MyDocs\Unabombers.com\NewsArticles\VanPac\91-06-23-v.htm --> www.unabombers.com /www/NewsArticles/VanPac 91-06-23-v.htm
2001.01.05 11:00 B C:\Documents and Settings\DAN1\MyDocs\Unabombers.com\NewsArticles\VanPac\91-06-27-v.htm --> www.unabombers.com /www/NewsArticles/VanPac 91-06-27-v.htm
2001.01.05 11:00 B C:\Documents and Settings\DAN1\MyDocs\Unabombers.com\NewsArticles\VanPac\91-06-27-vvv.htm --> www.unabombers.com /www/NewsArticles/VanPac 91-06-27-vvv.htm
2001.01.05 11:00 B C:\Documents and Settings\DAN1\MyDocs\Unabombers.com\NewsArticles\VanPac\91-06-29-v.htm --> www.unabombers.com /www/NewsArticles/VanPac 91-06-29-v.htm
2001.01.05 11:00 B C:\Documents and Settings\DAN1\MyDocs\Unabombers.com\NewsArticles\VanPac\91-07-02.htm --> www.unabombers.com /www/NewsArticles/VanPac 91-07-02.htm
2001.01.05 11:01 B C:\Documents and Settings\DAN1\MyDocs\Unabombers.com\NewsArticles\VanPac\91-08--08-v.htm --> www.unabombers.com /www/NewsArticles/VanPac 91-08--08-v.htm
2001.01.05 11:01 B C:\Documents and Settings\DAN1\MyDocs\Unabombers.com\NewsArticles\VanPac\91-12-06-v.htm --> www.unabombers.com /www/NewsArticles/VanPac 91-12-06-v.htm
2001.01.05 11:01 B C:\Documents and Settings\DAN1\MyDocs\Unabombers.com\NewsArticles\VanPac\92-02-20-v.htm --> www.unabombers.com /www/NewsArticles/VanPac 92-02-20-v.htm
2001.01.05 11:01 B C:\Documents and Settings\DAN1\MyDocs\Unabombers.com\NewsArticles\VanPac\92-08-13-v.htm --> www.unabombers.com /www/NewsArticles/VanPac 92-08-13-v.htm
2001.01.05 11:01 B C:\Documents and Settings\DAN1\MyDocs\Unabombers.com\NewsArticles\VanPac\92-09-03-v.htm --> www.unabombers.com /www/NewsArticles/VanPac 92-09-03-v.htm
2001.01.05 11:01 B C:\Documents and Settings\DAN1\MyDocs\Unabombers.com\NewsArticles\VanPac\95-03-29-1-False Testimony.htm --> www.unabombers.com /www/NewsArticles/VanPac 95-03-29-1-False Testimony.htm
2001.01.05 11:01 B C:\Documents and Settings\DAN1\MyDocs\Unabombers.com\NewsArticles\VanPac\95-03-30.htm --> www.unabombers.com /www/NewsArticles/VanPac 95-03-30.htm
2001.01.05 11:02 B C:\Documents and Settings\DAN1\MyDocs\Unabombers.com\NewsArticles\VanPac\96-11-06-v.htm --> www.unabombers.com /www/NewsArticles/VanPac 96-11-06-v.htm
2001.01.05 11:02 B C:\Documents and Settings\DAN1\MyDocs\Unabombers.com\NewsArticles\VanPac\97-02-11-v.htm --> www.unabombers.com /www/NewsArticles/VanPac 97-02-11-v.htm
2001.01.05 11:02 B C:\Documents and Settings\DAN1\MyDocs\Unabombers.com\NewsArticles\VanPac\97-03-30-v.htm --> www.unabombers.com /www/NewsArticles/VanPac 97-03-30-v.htm
2001.01.05 11:02 B C:\Documents and Settings\DAN1\MyDocs\Unabombers.com\NewsArticles\VanPac\97-04-16-V.htm --> www.unabombers.com /www/NewsArticles/VanPac 97-04-16-V.htm
2001.01.05 11:02 B C:\Documents and Settings\DAN1\MyDocs\Unabombers.com\NewsArticles\VanPac\98-09-27.htm --> www.unabombers.com /www/NewsArticles/VanPac 98-09-27.htm
2001.01.05 11:02 B C:\Documents and Settings\DAN1\MyDocs\Unabombers.com\NewsArticles\VanPac\98-11-25-V.htm --> www.unabombers.com /www/NewsArticles/VanPac 98-11-25-V.htm
2001.01.06 19:27 B C:\Documents and Settings\DAN1\MyDocs\Unabombers.com\NewsArticles\VanPac\v89-12-18-DrugsDownplayed-2.htm --> www.unabombers.com /www/NewsArticles/VanPac v89-12-18-DrugsDownplayed-2.htm
2001.01.06 19:27 B C:\Documents and Settings\DAN1\MyDocs\Unabombers.com\NewsArticles\VanPac\v89-12-18-LocalPDSaysDrugs-2.htm --> www.unabombers.com /www/NewsArticles/VanPac v89-12-18-LocalPDSaysDrugs-2.htm
2001.01.06 19:27 B C:\Documents and Settings\DAN1\MyDocs\Unabombers.com\NewsArticles\VanPac\v89-12-19-NAACPVanceBombsTied-2.htm --> www.unabombers.com /www/NewsArticles/VanPac v89-12-19-NAACPVanceBombsTied-2.htm
2001.01.06 19:27 B C:\Documents and Settings\DAN1\MyDocs\Unabombers.com\NewsArticles\VanPac\v89-12-19-VAnceCases60PercentDrugs-2.htm --> www.unabombers.com /www/NewsArticles/VanPac v89-12-19-VAnceCases60PercentDrugs-2.htm
2001.01.06 19:28 B C:\Documents and Settings\DAN1\MyDocs\Unabombers.com\NewsArticles\VanPac\v89-12-20-DrugsToRaceMotive-2.htm --> www.unabombers.com /www/NewsArticles/VanPac v89-12-20-DrugsToRaceMotive-2.htm
2001.01.06 19:28 B C:\Documents and Settings\DAN1\MyDocs\Unabombers.com\NewsArticles\VanPac\v89-12-21-RobinsonFuneral-4.htm --> www.unabombers.com /www/NewsArticles/VanPac v89-12-21-RobinsonFuneral-4.htm
2001.01.06 19:28 B C:\Documents and Settings\DAN1\MyDocs\Unabombers.com\NewsArticles\VanPac\v89-12-21-VanceFuneral-4.htm --> www.unabombers.com /www/NewsArticles/VanPac v89-12-21-VanceFuneral-4.htm
2001.01.06 19:28 B C:\Documents and Settings\DAN1\MyDocs\Unabombers.com\NewsArticles\VanPac\v89-12-22-Editorial-5.htm --> www.unabombers.com /www/NewsArticles/VanPac v89-12-22-Editorial-5.htm
2001.01.06 19:29 B C:\Documents and Settings\DAN1\MyDocs\Unabombers.com\NewsArticles\VanPac\v89-12-22-Letters-3.htm --> www.unabombers.com /www/NewsArticles/VanPac v89-12-22-Letters-3.htm
2001.01.06 19:29 B C:\Documents and Settings\DAN1\MyDocs\Unabombers.com\NewsArticles\VanPac\v89-12-22-Misc-3.htm --> www.unabombers.com /www/NewsArticles/VanPac v89-12-22-Misc-3.htm
2001.01.06 19:29 B C:\Documents and Settings\DAN1\MyDocs\Unabombers.com\NewsArticles\VanPac\v89-12-23-MarylandJudgeBombed-3.htm --> www.unabombers.com /www/NewsArticles/VanPac v89-12-23-MarylandJudgeBombed-3.htm
2001.01.06 19:29 B C:\Documents and Settings\DAN1\MyDocs\Unabombers.com\NewsArticles\VanPac\v89-12-30-RacistGroupClaimsCredit-2.htm --> www.unabombers.com /www/NewsArticles/VanPac v89-12-30-RacistGroupClaimsCredit-2.htm
2001.01.06 19:30 B C:\Documents and Settings\DAN1\MyDocs\Unabombers.com\NewsArticles\VanPac\v90-01-04-Leads-3.htm --> www.unabombers.com /www/NewsArticles/VanPac v90-01-04-Leads-3.htm
2001.01.06 19:30 B C:\Documents and Settings\DAN1\MyDocs\Unabombers.com\NewsArticles\VanPac\v90-01-07-Letters-2.htm --> www.unabombers.com /www/NewsArticles/VanPac v90-01-07-Letters-2.htm
2001.01.06 19:30 B C:\Documents and Settings\DAN1\MyDocs\Unabombers.com\NewsArticles\VanPac\v90-01-12-Profile-4.htm --> www.unabombers.com /www/NewsArticles/VanPac v90-01-12-Profile-4.htm
2001.01.06 19:30 B C:\Documents and Settings\DAN1\MyDocs\Unabombers.com\NewsArticles\VanPac\v90-02-06-Tributes-5.htm --> www.unabombers.com /www/NewsArticles/VanPac v90-02-06-Tributes-5.htm
2001.01.06 19:30 B C:\Documents and Settings\DAN1\MyDocs\Unabombers.com\NewsArticles\VanPac\v90-02-10-Offerrel-4.htm --> www.unabombers.com /www/NewsArticles/VanPac v90-02-10-Offerrel-4.htm
2001.01.06 19:31 B C:\Documents and Settings\DAN1\MyDocs\Unabombers.com\NewsArticles\VanPac\v90-02-13-ItemsSiezed-3.htm --> www.unabombers.com /www/NewsArticles/VanPac v90-02-13-ItemsSiezed-3.htm
2001.01.06 19:31 B C:\Documents and Settings\DAN1\MyDocs\Unabombers.com\NewsArticles\VanPac\v90-06-12-Misc-4.htm --> www.unabombers.com /www/NewsArticles/VanPac v90-06-12-Misc-4.htm
2001.01.06 19:31 B C:\Documents and Settings\DAN1\MyDocs\Unabombers.com\NewsArticles\VanPac\v90-11-01-EndplatesThreaded-2.htm --> www.unabombers.com /www/NewsArticles/VanPac v90-11-01-EndplatesThreaded-2.htm
2001.01.06 19:31 B C:\Documents and Settings\DAN1\MyDocs\Unabombers.com\NewsArticles\VanPac\v90-11-08-BombUnique-2.htm --> www.unabombers.com /www/NewsArticles/VanPac v90-11-08-BombUnique-2.htm
2001.01.06 19:32 B C:\Documents and Settings\DAN1\MyDocs\Unabombers.com\NewsArticles\VanPac\v90-11-15-ProsecutorDisqualifyDefenseAtty-2.htm --> www.unabombers.com /www/NewsArticles/VanPac v90-11-15-ProsecutorDisqualifyDefenseAtty-2.htm
2001.01.06 19:32 B C:\Documents and Settings\DAN1\MyDocs\Unabombers.com\NewsArticles\VanPac\v91-01-05-InnocentPlea-3.htm --> www.unabombers.com /www/NewsArticles/VanPac v91-01-05-InnocentPlea-3.htm
2001.01.06 19:32 B C:\Documents and Settings\DAN1\MyDocs\Unabombers.com\NewsArticles\VanPac\v91-02-01-CellBuggingInsanityDef-3.htm --> www.unabombers.com /www/NewsArticles/VanPac v91-02-01-CellBuggingInsanityDef-3.htm
2001.01.06 19:32 B C:\Documents and Settings\DAN1\MyDocs\Unabombers.com\NewsArticles\VanPac\v91-03-18-JudgesDecline-3.htm --> www.unabombers.com /www/NewsArticles/VanPac v91-03-18-JudgesDecline-3.htm
2001.01.06 19:32 B C:\Documents and Settings\DAN1\MyDocs\Unabombers.com\NewsArticles\VanPac\v91-04-17-InsanityDefense-3.htm --> www.unabombers.com /www/NewsArticles/VanPac v91-04-17-InsanityDefense-3.htm
2001.01.06 19:33 B C:\Documents and Settings\DAN1\MyDocs\Unabombers.com\NewsArticles\VanPac\v91-06-05-WiretapStatement-3.htm --> www.unabombers.com /www/NewsArticles/VanPac v91-06-05-WiretapStatement-3.htm
2001.01.06 19:33 B C:\Documents and Settings\DAN1\MyDocs\Unabombers.com\NewsArticles\VanPac\v91-06-23-Trial-4.htm --> www.unabombers.com /www/NewsArticles/VanPac v91-06-23-Trial-4.htm
2001.01.06 19:33 B C:\Documents and Settings\DAN1\MyDocs\Unabombers.com\NewsArticles\VanPac\v91-06-27-FreehOnMoody-4.htm --> www.unabombers.com /www/NewsArticles/VanPac v91-06-27-FreehOnMoody-4.htm
2001.01.06 19:33 B C:\Documents and Settings\DAN1\MyDocs\Unabombers.com\NewsArticles\VanPac\v91-06-27-Moodytestimony-2.htm --> www.unabombers.com /www/NewsArticles/VanPac v91-06-27-Moodytestimony-2.htm
2001.01.06 19:34 B C:\Documents and Settings\DAN1\MyDocs\Unabombers.com\NewsArticles\VanPac\v91-06-29-Moodytrial-3.htm --> www.unabombers.com /www/NewsArticles/VanPac v91-06-29-Moodytrial-3.htm
2001.01.06 19:34 B C:\Documents and Settings\DAN1\MyDocs\Unabombers.com\NewsArticles\VanPac\v91-07-02-StateTrials-5.htm --> www.unabombers.com /www/NewsArticles/VanPac v91-07-02-StateTrials-5.htm
2001.01.06 19:34 B C:\Documents and Settings\DAN1\MyDocs\Unabombers.com\NewsArticles\VanPac\v91-08--08-MoodyFirstTrail-4.htm --> www.unabombers.com /www/NewsArticles/VanPac v91-08--08-MoodyFirstTrail-4.htm
2001.01.06 19:34 B C:\Documents and Settings\DAN1\MyDocs\Unabombers.com\NewsArticles\VanPac\v91-12-06-Oferrel-5.htm --> www.unabombers.com /www/NewsArticles/VanPac v91-12-06-Oferrel-5.htm
2001.01.06 19:35 B C:\Documents and Settings\DAN1\MyDocs\Unabombers.com\NewsArticles\VanPac\v92-01-03-alabamaIndictment-4.htm --> www.unabombers.com /www/NewsArticles/VanPac v92-01-03-alabamaIndictment-4.htm
2001.01.06 19:35 B C:\Documents and Settings\DAN1\MyDocs\Unabombers.com\NewsArticles\VanPac\v92-02-20-MoodyTransfered-5.htm --> www.unabombers.com /www/NewsArticles/VanPac v92-02-20-MoodyTransfered-5.htm
2001.01.06 19:35 B C:\Documents and Settings\DAN1\MyDocs\Unabombers.com\NewsArticles\VanPac\v92-08-13-MoodyTestimonyGarbled-2.htm --> www.unabombers.com /www/NewsArticles/VanPac v92-08-13-MoodyTestimonyGarbled-2.htm
2001.01.06 19:36 B C:\Documents and Settings\DAN1\MyDocs\Unabombers.com\NewsArticles\VanPac\v92-09-03-4-CourhouseLiquid-4.htm --> www.unabombers.com /www/NewsArticles/VanPac v92-09-03-4-CourhouseLiquid-4.htm
2001.01.06 19:36 B C:\Documents and Settings\DAN1\MyDocs\Unabombers.com\NewsArticles\VanPac\v95-03-29-False Testimony-1.htm --> www.unabombers.com /www/NewsArticles/VanPac v95-03-29-False Testimony-1.htm
2001.01.06 19:36 B C:\Documents and Settings\DAN1\MyDocs\Unabombers.com\NewsArticles\VanPac\v95-03-30-FBI Polygrapher-2.htm --> www.unabombers.com /www/NewsArticles/VanPac v95-03-30-FBI Polygrapher-2.htm
2001.01.06 19:36 B C:\Documents and Settings\DAN1\MyDocs\Unabombers.com\NewsArticles\VanPac\v96-11-06-BadLawyers-2.htm --> www.unabombers.com /www/NewsArticles/VanPac v96-11-06-BadLawyers-2.htm
2001.01.06 19:36 B C:\Documents and Settings\DAN1\MyDocs\Unabombers.com\NewsArticles\VanPac\v97-02-11-MoodyDeathSentance-3.htm --> www.unabombers.com /www/NewsArticles/VanPac v97-02-11-MoodyDeathSentance-3.htm
2001.01.06 19:36 B C:\Documents and Settings\DAN1\MyDocs\Unabombers.com\NewsArticles\VanPac\v97-03-30-SqareEndPlates-1.htm --> www.unabombers.com /www/NewsArticles/VanPac v97-03-30-SqareEndPlates-1.htm
2001.01.06 19:37 B C:\Documents and Settings\DAN1\MyDocs\Unabombers.com\NewsArticles\VanPac\v97-04-16-4-Whitehurst.htm --> www.unabombers.com /www/NewsArticles/VanPac v97-04-16-4-Whitehurst.htm
2001.01.06 19:37 B C:\Documents and Settings\DAN1\MyDocs\Unabombers.com\NewsArticles\VanPac\v98-09-27-Whitehurst-2.htm --> www.unabombers.com /www/NewsArticles/VanPac v98-09-27-Whitehurst-2.htm
2001.01.06 19:37 B C:\Documents and Settings\DAN1\MyDocs\Unabombers.com\NewsArticles\VanPac\v98-11-25-2-MailLabels.htm --> www.unabombers.com /www/NewsArticles/VanPac v98-11-25-2-MailLabels.htm
